2022-06-20 12:35:37,552 INFO    MainThread:2666 [internal.py:wandb_internal():90] W&B internal server running at pid: 2666, started at: 2022-06-20 12:35:37.552456
2022-06-20 12:35:37,554 INFO    WriterThread:2666 [datastore.py:open_for_write():75] open: /home/brad/Documents/Repositories/Dalle/dalle-playground/backend/wandb/run-20220620_123536-4uc2maxf/run-4uc2maxf.wandb
2022-06-20 12:35:37,556 DEBUG   SenderThread:2666 [sender.py:send():235] send: header
2022-06-20 12:35:37,556 DEBUG   SenderThread:2666 [sender.py:send():235] send: run
2022-06-20 12:35:38,602 DEBUG   HandlerThread:2666 [handler.py:handle_request():141] handle_request: check_version
2022-06-20 12:35:38,728 INFO    SenderThread:2666 [dir_watcher.py:__init__():205] watching files in: /home/brad/Documents/Repositories/Dalle/dalle-playground/backend/wandb/run-20220620_123536-4uc2maxf/files
2022-06-20 12:35:38,728 INFO    SenderThread:2666 [sender.py:_start_run_threads():812] run started: 4uc2maxf with start time 1655750136
2022-06-20 12:35:38,728 DEBUG   SenderThread:2666 [sender.py:send():235] send: summary
2022-06-20 12:35:38,729 INFO    SenderThread:2666 [sender.py:_save_file():949] saving file wandb-summary.json with policy end
2022-06-20 12:35:38,729 DEBUG   SenderThread:2666 [sender.py:send_request():249] send_request: check_version
2022-06-20 12:35:39,730 INFO    Thread-7  :2666 [dir_watcher.py:_on_file_created():256] file/dir created: /home/brad/Documents/Repositories/Dalle/dalle-playground/backend/wandb/run-20220620_123536-4uc2maxf/files/wandb-summary.json
2022-06-20 12:35:40,777 DEBUG   HandlerThread:2666 [handler.py:handle_request():141] handle_request: run_start
2022-06-20 12:35:40,779 DEBUG   HandlerThread:2666 [meta.py:__init__():35] meta init
2022-06-20 12:35:40,779 DEBUG   HandlerThread:2666 [meta.py:__init__():49] meta init done
2022-06-20 12:35:40,779 DEBUG   HandlerThread:2666 [meta.py:probe():209] probe
2022-06-20 12:35:40,781 DEBUG   HandlerThread:2666 [meta.py:_setup_git():199] setup git
2022-06-20 12:35:40,789 DEBUG   HandlerThread:2666 [meta.py:_setup_git():206] setup git done
2022-06-20 12:35:40,789 DEBUG   HandlerThread:2666 [meta.py:_save_pip():53] save pip
2022-06-20 12:35:40,790 DEBUG   HandlerThread:2666 [meta.py:_save_pip():67] save pip done
2022-06-20 12:35:40,790 DEBUG   HandlerThread:2666 [meta.py:probe():247] probe done
2022-06-20 12:35:40,903 DEBUG   SenderThread:2666 [sender.py:send():235] send: files
2022-06-20 12:35:40,903 INFO    SenderThread:2666 [sender.py:_save_file():949] saving file wandb-metadata.json with policy now
2022-06-20 12:35:40,904 DEBUG   HandlerThread:2666 [handler.py:handle_request():141] handle_request: stop_status
2022-06-20 12:35:40,905 DEBUG   SenderThread:2666 [sender.py:send_request():249] send_request: stop_status
2022-06-20 12:35:41,728 INFO    Thread-7  :2666 [dir_watcher.py:_on_file_created():256] file/dir created: /home/brad/Documents/Repositories/Dalle/dalle-playground/backend/wandb/run-20220620_123536-4uc2maxf/files/output.log
2022-06-20 12:35:41,729 INFO    Thread-7  :2666 [dir_watcher.py:_on_file_created():256] file/dir created: /home/brad/Documents/Repositories/Dalle/dalle-playground/backend/wandb/run-20220620_123536-4uc2maxf/files/requirements.txt
2022-06-20 12:35:41,729 INFO    Thread-7  :2666 [dir_watcher.py:_on_file_created():256] file/dir created: /home/brad/Documents/Repositories/Dalle/dalle-playground/backend/wandb/run-20220620_123536-4uc2maxf/files/wandb-metadata.json
2022-06-20 12:35:42,529 DEBUG   SenderThread:2666 [sender.py:send():235] send: telemetry
2022-06-20 12:35:45,096 INFO    Thread-11 :2666 [upload_job.py:push():132] Uploaded file /tmp/tmppxcjm8v8wandb/3jjqbtcl-wandb-metadata.json
2022-06-20 12:35:57,531 DEBUG   HandlerThread:2666 [handler.py:handle_request():141] handle_request: stop_status
2022-06-20 12:35:57,531 DEBUG   SenderThread:2666 [sender.py:send_request():249] send_request: stop_status
2022-06-20 12:36:08,849 DEBUG   SenderThread:2666 [sender.py:send():235] send: stats
2022-06-20 12:36:09,739 INFO    Thread-7  :2666 [dir_watcher.py:_on_file_modified():269] file/dir modified: /home/brad/Documents/Repositories/Dalle/dalle-playground/backend/wandb/run-20220620_123536-4uc2maxf/files/config.yaml
2022-06-20 12:36:13,178 DEBUG   HandlerThread:2666 [handler.py:handle_request():141] handle_request: stop_status
2022-06-20 12:36:13,178 DEBUG   SenderThread:2666 [sender.py:send_request():249] send_request: stop_status
2022-06-20 12:36:28,739 DEBUG   HandlerThread:2666 [handler.py:handle_request():141] handle_request: stop_status
2022-06-20 12:36:28,739 DEBUG   SenderThread:2666 [sender.py:send_request():249] send_request: stop_status
2022-06-20 12:36:38,912 DEBUG   SenderThread:2666 [sender.py:send():235] send: stats
2022-06-20 12:36:44,554 DEBUG   HandlerThread:2666 [handler.py:handle_request():141] handle_request: stop_status
2022-06-20 12:36:44,555 DEBUG   SenderThread:2666 [sender.py:send_request():249] send_request: stop_status
2022-06-20 12:37:04,555 DEBUG   HandlerThread:2666 [handler.py:handle_request():141] handle_request: stop_status
2022-06-20 12:37:04,555 DEBUG   SenderThread:2666 [sender.py:send_request():249] send_request: stop_status
2022-06-20 12:37:08,978 DEBUG   SenderThread:2666 [sender.py:send():235] send: stats
2022-06-20 12:37:19,992 DEBUG   HandlerThread:2666 [handler.py:handle_request():141] handle_request: stop_status
2022-06-20 12:37:19,993 DEBUG   SenderThread:2666 [sender.py:send_request():249] send_request: stop_status
2022-06-20 12:37:35,476 DEBUG   HandlerThread:2666 [handler.py:handle_request():141] handle_request: stop_status
2022-06-20 12:37:35,476 DEBUG   SenderThread:2666 [sender.py:send_request():249] send_request: stop_status
2022-06-20 12:37:39,043 DEBUG   SenderThread:2666 [sender.py:send():235] send: stats
2022-06-20 12:37:50,881 DEBUG   HandlerThread:2666 [handler.py:handle_request():141] handle_request: stop_status
2022-06-20 12:37:50,881 DEBUG   SenderThread:2666 [sender.py:send_request():249] send_request: stop_status
2022-06-20 12:38:06,409 DEBUG   HandlerThread:2666 [handler.py:handle_request():141] handle_request: stop_status
2022-06-20 12:38:06,409 DEBUG   SenderThread:2666 [sender.py:send_request():249] send_request: stop_status
2022-06-20 12:38:09,121 DEBUG   SenderThread:2666 [sender.py:send():235] send: stats
2022-06-20 12:38:21,839 DEBUG   HandlerThread:2666 [handler.py:handle_request():141] handle_request: stop_status
2022-06-20 12:38:21,839 DEBUG   SenderThread:2666 [sender.py:send_request():249] send_request: stop_status
2022-06-20 12:38:37,358 DEBUG   HandlerThread:2666 [handler.py:handle_request():141] handle_request: stop_status
2022-06-20 12:38:37,358 DEBUG   SenderThread:2666 [sender.py:send_request():249] send_request: stop_status
2022-06-20 12:38:39,193 DEBUG   SenderThread:2666 [sender.py:send():235] send: stats
2022-06-20 12:38:52,713 DEBUG   HandlerThread:2666 [handler.py:handle_request():141] handle_request: stop_status
2022-06-20 12:38:52,714 DEBUG   SenderThread:2666 [sender.py:send_request():249] send_request: stop_status
2022-06-20 12:39:08,230 DEBUG   HandlerThread:2666 [handler.py:handle_request():141] handle_request: stop_status
2022-06-20 12:39:08,231 DEBUG   SenderThread:2666 [sender.py:send_request():249] send_request: stop_status
2022-06-20 12:39:09,269 DEBUG   SenderThread:2666 [sender.py:send():235] send: stats
2022-06-20 12:39:24,066 DEBUG   HandlerThread:2666 [handler.py:handle_request():141] handle_request: stop_status
2022-06-20 12:39:24,066 DEBUG   SenderThread:2666 [sender.py:send_request():249] send_request: stop_status
2022-06-20 12:39:39,340 DEBUG   SenderThread:2666 [sender.py:send():235] send: stats
2022-06-20 12:39:39,611 DEBUG   HandlerThread:2666 [handler.py:handle_request():141] handle_request: stop_status
2022-06-20 12:39:39,611 DEBUG   SenderThread:2666 [sender.py:send_request():249] send_request: stop_status
2022-06-20 12:39:54,975 DEBUG   HandlerThread:2666 [handler.py:handle_request():141] handle_request: stop_status
2022-06-20 12:39:54,975 DEBUG   SenderThread:2666 [sender.py:send_request():249] send_request: stop_status
2022-06-20 12:40:09,413 DEBUG   SenderThread:2666 [sender.py:send():235] send: stats
2022-06-20 12:40:10,460 DEBUG   HandlerThread:2666 [handler.py:handle_request():141] handle_request: stop_status
2022-06-20 12:40:10,461 DEBUG   SenderThread:2666 [sender.py:send_request():249] send_request: stop_status
2022-06-20 12:40:26,273 DEBUG   HandlerThread:2666 [handler.py:handle_request():141] handle_request: stop_status
2022-06-20 12:40:26,274 DEBUG   SenderThread:2666 [sender.py:send_request():249] send_request: stop_status
2022-06-20 12:40:39,482 DEBUG   SenderThread:2666 [sender.py:send():235] send: stats
2022-06-20 12:40:41,799 DEBUG   HandlerThread:2666 [handler.py:handle_request():141] handle_request: stop_status
2022-06-20 12:40:41,800 DEBUG   SenderThread:2666 [sender.py:send_request():249] send_request: stop_status
2022-06-20 12:40:57,592 DEBUG   HandlerThread:2666 [handler.py:handle_request():141] handle_request: stop_status
2022-06-20 12:40:57,592 DEBUG   SenderThread:2666 [sender.py:send_request():249] send_request: stop_status
2022-06-20 12:41:09,553 DEBUG   SenderThread:2666 [sender.py:send():235] send: stats
2022-06-20 12:41:13,492 DEBUG   HandlerThread:2666 [handler.py:handle_request():141] handle_request: stop_status
2022-06-20 12:41:13,492 DEBUG   SenderThread:2666 [sender.py:send_request():249] send_request: stop_status
2022-06-20 12:41:30,143 DEBUG   HandlerThread:2666 [handler.py:handle_request():141] handle_request: stop_status
2022-06-20 12:41:30,143 DEBUG   SenderThread:2666 [sender.py:send_request():249] send_request: stop_status
2022-06-20 12:41:39,623 DEBUG   SenderThread:2666 [sender.py:send():235] send: stats
2022-06-20 12:41:45,607 DEBUG   HandlerThread:2666 [handler.py:handle_request():141] handle_request: stop_status
2022-06-20 12:41:45,608 DEBUG   SenderThread:2666 [sender.py:send_request():249] send_request: stop_status
2022-06-20 12:42:01,597 DEBUG   HandlerThread:2666 [handler.py:handle_request():141] handle_request: stop_status
2022-06-20 12:42:01,597 DEBUG   SenderThread:2666 [sender.py:send_request():249] send_request: stop_status
2022-06-20 12:42:09,695 DEBUG   SenderThread:2666 [sender.py:send():235] send: stats
2022-06-20 12:42:18,741 DEBUG   HandlerThread:2666 [handler.py:handle_request():141] handle_request: stop_status
2022-06-20 12:42:18,741 DEBUG   SenderThread:2666 [sender.py:send_request():249] send_request: stop_status
2022-06-20 12:42:34,322 DEBUG   HandlerThread:2666 [handler.py:handle_request():141] handle_request: stop_status
2022-06-20 12:42:34,323 DEBUG   SenderThread:2666 [sender.py:send_request():249] send_request: stop_status
2022-06-20 12:42:39,762 DEBUG   SenderThread:2666 [sender.py:send():235] send: stats
2022-06-20 12:42:49,734 DEBUG   HandlerThread:2666 [handler.py:handle_request():141] handle_request: stop_status
2022-06-20 12:42:49,734 DEBUG   SenderThread:2666 [sender.py:send_request():249] send_request: stop_status
2022-06-20 12:43:05,003 DEBUG   HandlerThread:2666 [handler.py:handle_request():141] handle_request: stop_status
2022-06-20 12:43:05,004 DEBUG   SenderThread:2666 [sender.py:send_request():249] send_request: stop_status
2022-06-20 12:43:09,837 DEBUG   SenderThread:2666 [sender.py:send():235] send: stats
2022-06-20 12:43:20,835 DEBUG   HandlerThread:2666 [handler.py:handle_request():141] handle_request: stop_status
2022-06-20 12:43:20,835 DEBUG   SenderThread:2666 [sender.py:send_request():249] send_request: stop_status
2022-06-20 12:43:36,451 DEBUG   HandlerThread:2666 [handler.py:handle_request():141] handle_request: stop_status
2022-06-20 12:43:36,451 DEBUG   SenderThread:2666 [sender.py:send_request():249] send_request: stop_status
2022-06-20 12:43:39,912 DEBUG   SenderThread:2666 [sender.py:send():235] send: stats
2022-06-20 12:43:51,826 DEBUG   HandlerThread:2666 [handler.py:handle_request():141] handle_request: stop_status
2022-06-20 12:43:51,826 DEBUG   SenderThread:2666 [sender.py:send_request():249] send_request: stop_status
2022-06-20 12:44:08,292 DEBUG   HandlerThread:2666 [handler.py:handle_request():141] handle_request: stop_status
2022-06-20 12:44:08,292 DEBUG   SenderThread:2666 [sender.py:send_request():249] send_request: stop_status
2022-06-20 12:44:09,988 DEBUG   SenderThread:2666 [sender.py:send():235] send: stats
2022-06-20 12:44:23,658 DEBUG   HandlerThread:2666 [handler.py:handle_request():141] handle_request: stop_status
2022-06-20 12:44:23,658 DEBUG   SenderThread:2666 [sender.py:send_request():249] send_request: stop_status
2022-06-20 12:44:39,060 DEBUG   HandlerThread:2666 [handler.py:handle_request():141] handle_request: stop_status
2022-06-20 12:44:39,061 DEBUG   SenderThread:2666 [sender.py:send_request():249] send_request: stop_status
2022-06-20 12:44:40,055 DEBUG   SenderThread:2666 [sender.py:send():235] send: stats
2022-06-20 12:44:54,646 DEBUG   HandlerThread:2666 [handler.py:handle_request():141] handle_request: stop_status
2022-06-20 12:44:54,647 DEBUG   SenderThread:2666 [sender.py:send_request():249] send_request: stop_status
2022-06-20 12:45:10,126 DEBUG   SenderThread:2666 [sender.py:send():235] send: stats
2022-06-20 12:45:10,253 DEBUG   HandlerThread:2666 [handler.py:handle_request():141] handle_request: stop_status
2022-06-20 12:45:10,254 DEBUG   SenderThread:2666 [sender.py:send_request():249] send_request: stop_status
2022-06-20 12:45:25,996 DEBUG   HandlerThread:2666 [handler.py:handle_request():141] handle_request: stop_status
2022-06-20 12:45:25,996 DEBUG   SenderThread:2666 [sender.py:send_request():249] send_request: stop_status
2022-06-20 12:45:40,200 DEBUG   SenderThread:2666 [sender.py:send():235] send: stats
2022-06-20 12:45:41,782 DEBUG   HandlerThread:2666 [handler.py:handle_request():141] handle_request: stop_status
2022-06-20 12:45:41,782 DEBUG   SenderThread:2666 [sender.py:send_request():249] send_request: stop_status
2022-06-20 12:45:57,499 DEBUG   HandlerThread:2666 [handler.py:handle_request():141] handle_request: stop_status
2022-06-20 12:45:57,500 DEBUG   SenderThread:2666 [sender.py:send_request():249] send_request: stop_status
2022-06-20 12:46:10,268 DEBUG   SenderThread:2666 [sender.py:send():235] send: stats
2022-06-20 12:46:13,017 DEBUG   HandlerThread:2666 [handler.py:handle_request():141] handle_request: stop_status
2022-06-20 12:46:13,017 DEBUG   SenderThread:2666 [sender.py:send_request():249] send_request: stop_status
2022-06-20 12:46:28,958 DEBUG   HandlerThread:2666 [handler.py:handle_request():141] handle_request: stop_status
2022-06-20 12:46:28,958 DEBUG   SenderThread:2666 [sender.py:send_request():249] send_request: stop_status
2022-06-20 12:46:40,340 DEBUG   SenderThread:2666 [sender.py:send():235] send: stats
2022-06-20 12:46:44,179 DEBUG   HandlerThread:2666 [handler.py:handle_request():141] handle_request: stop_status
2022-06-20 12:46:44,179 DEBUG   SenderThread:2666 [sender.py:send_request():249] send_request: stop_status
2022-06-20 12:47:04,180 DEBUG   HandlerThread:2666 [handler.py:handle_request():141] handle_request: stop_status
2022-06-20 12:47:04,180 DEBUG   SenderThread:2666 [sender.py:send_request():249] send_request: stop_status
2022-06-20 12:47:10,401 DEBUG   SenderThread:2666 [sender.py:send():235] send: stats
2022-06-20 12:47:19,657 DEBUG   HandlerThread:2666 [handler.py:handle_request():141] handle_request: stop_status
2022-06-20 12:47:19,657 DEBUG   SenderThread:2666 [sender.py:send_request():249] send_request: stop_status
2022-06-20 12:47:39,658 DEBUG   HandlerThread:2666 [handler.py:handle_request():141] handle_request: stop_status
2022-06-20 12:47:39,658 DEBUG   SenderThread:2666 [sender.py:send_request():249] send_request: stop_status
2022-06-20 12:47:40,466 DEBUG   SenderThread:2666 [sender.py:send():235] send: stats
2022-06-20 12:47:55,065 DEBUG   HandlerThread:2666 [handler.py:handle_request():141] handle_request: stop_status
2022-06-20 12:47:55,065 DEBUG   SenderThread:2666 [sender.py:send_request():249] send_request: stop_status
2022-06-20 12:48:10,531 DEBUG   SenderThread:2666 [sender.py:send():235] send: stats
2022-06-20 12:48:10,642 DEBUG   HandlerThread:2666 [handler.py:handle_request():141] handle_request: stop_status
2022-06-20 12:48:10,643 DEBUG   SenderThread:2666 [sender.py:send_request():249] send_request: stop_status
2022-06-20 12:48:26,223 DEBUG   HandlerThread:2666 [handler.py:handle_request():141] handle_request: stop_status
2022-06-20 12:48:26,224 DEBUG   SenderThread:2666 [sender.py:send_request():249] send_request: stop_status
2022-06-20 12:48:40,599 DEBUG   SenderThread:2666 [sender.py:send():235] send: stats
2022-06-20 12:48:41,908 DEBUG   HandlerThread:2666 [handler.py:handle_request():141] handle_request: stop_status
2022-06-20 12:48:41,909 DEBUG   SenderThread:2666 [sender.py:send_request():249] send_request: stop_status
2022-06-20 12:48:57,862 DEBUG   HandlerThread:2666 [handler.py:handle_request():141] handle_request: stop_status
2022-06-20 12:48:57,862 DEBUG   SenderThread:2666 [sender.py:send_request():249] send_request: stop_status
2022-06-20 12:49:10,670 DEBUG   SenderThread:2666 [sender.py:send():235] send: stats
2022-06-20 12:49:14,103 DEBUG   HandlerThread:2666 [handler.py:handle_request():141] handle_request: stop_status
2022-06-20 12:49:14,104 DEBUG   SenderThread:2666 [sender.py:send_request():249] send_request: stop_status
2022-06-20 12:49:29,781 DEBUG   HandlerThread:2666 [handler.py:handle_request():141] handle_request: stop_status
2022-06-20 12:49:29,781 DEBUG   SenderThread:2666 [sender.py:send_request():249] send_request: stop_status
2022-06-20 12:49:40,746 DEBUG   SenderThread:2666 [sender.py:send():235] send: stats
2022-06-20 12:49:45,521 DEBUG   HandlerThread:2666 [handler.py:handle_request():141] handle_request: stop_status
2022-06-20 12:49:45,521 DEBUG   SenderThread:2666 [sender.py:send_request():249] send_request: stop_status
2022-06-20 12:50:01,065 DEBUG   HandlerThread:2666 [handler.py:handle_request():141] handle_request: stop_status
2022-06-20 12:50:01,065 DEBUG   SenderThread:2666 [sender.py:send_request():249] send_request: stop_status
2022-06-20 12:50:10,809 DEBUG   SenderThread:2666 [sender.py:send():235] send: stats
2022-06-20 12:50:16,447 DEBUG   HandlerThread:2666 [handler.py:handle_request():141] handle_request: stop_status
2022-06-20 12:50:16,447 DEBUG   SenderThread:2666 [sender.py:send_request():249] send_request: stop_status
2022-06-20 12:50:32,041 DEBUG   HandlerThread:2666 [handler.py:handle_request():141] handle_request: stop_status
2022-06-20 12:50:32,041 DEBUG   SenderThread:2666 [sender.py:send_request():249] send_request: stop_status
2022-06-20 12:50:40,881 DEBUG   SenderThread:2666 [sender.py:send():235] send: stats
2022-06-20 12:50:52,041 DEBUG   HandlerThread:2666 [handler.py:handle_request():141] handle_request: stop_status
2022-06-20 12:50:52,042 DEBUG   SenderThread:2666 [sender.py:send_request():249] send_request: stop_status
2022-06-20 12:51:07,316 DEBUG   HandlerThread:2666 [handler.py:handle_request():141] handle_request: stop_status
2022-06-20 12:51:07,317 DEBUG   SenderThread:2666 [sender.py:send_request():249] send_request: stop_status
2022-06-20 12:51:10,947 DEBUG   SenderThread:2666 [sender.py:send():235] send: stats
2022-06-20 12:51:23,915 DEBUG   HandlerThread:2666 [handler.py:handle_request():141] handle_request: stop_status
2022-06-20 12:51:23,916 DEBUG   SenderThread:2666 [sender.py:send_request():249] send_request: stop_status
2022-06-20 12:51:39,881 DEBUG   HandlerThread:2666 [handler.py:handle_request():141] handle_request: stop_status
2022-06-20 12:51:39,881 DEBUG   SenderThread:2666 [sender.py:send_request():249] send_request: stop_status
2022-06-20 12:51:41,023 DEBUG   SenderThread:2666 [sender.py:send():235] send: stats
2022-06-20 12:51:55,858 DEBUG   HandlerThread:2666 [handler.py:handle_request():141] handle_request: stop_status
2022-06-20 12:51:55,858 DEBUG   SenderThread:2666 [sender.py:send_request():249] send_request: stop_status
2022-06-20 12:52:11,091 DEBUG   SenderThread:2666 [sender.py:send():235] send: stats
2022-06-20 12:52:12,391 DEBUG   HandlerThread:2666 [handler.py:handle_request():141] handle_request: stop_status
2022-06-20 12:52:12,392 DEBUG   SenderThread:2666 [sender.py:send_request():249] send_request: stop_status
2022-06-20 12:52:28,428 DEBUG   HandlerThread:2666 [handler.py:handle_request():141] handle_request: stop_status
2022-06-20 12:52:28,428 DEBUG   SenderThread:2666 [sender.py:send_request():249] send_request: stop_status
2022-06-20 12:52:41,164 DEBUG   SenderThread:2666 [sender.py:send():235] send: stats
2022-06-20 12:52:44,605 DEBUG   HandlerThread:2666 [handler.py:handle_request():141] handle_request: stop_status
2022-06-20 12:52:44,605 DEBUG   SenderThread:2666 [sender.py:send_request():249] send_request: stop_status
2022-06-20 12:53:02,068 DEBUG   HandlerThread:2666 [handler.py:handle_request():141] handle_request: stop_status
2022-06-20 12:53:02,068 DEBUG   SenderThread:2666 [sender.py:send_request():249] send_request: stop_status
2022-06-20 12:53:11,231 DEBUG   SenderThread:2666 [sender.py:send():235] send: stats
2022-06-20 12:53:18,029 DEBUG   HandlerThread:2666 [handler.py:handle_request():141] handle_request: stop_status
2022-06-20 12:53:18,030 DEBUG   SenderThread:2666 [sender.py:send_request():249] send_request: stop_status
2022-06-20 12:53:34,568 DEBUG   HandlerThread:2666 [handler.py:handle_request():141] handle_request: stop_status
2022-06-20 12:53:34,569 DEBUG   SenderThread:2666 [sender.py:send_request():249] send_request: stop_status
2022-06-20 12:53:41,301 DEBUG   SenderThread:2666 [sender.py:send():235] send: stats
2022-06-20 12:53:50,911 DEBUG   HandlerThread:2666 [handler.py:handle_request():141] handle_request: stop_status
2022-06-20 12:53:50,911 DEBUG   SenderThread:2666 [sender.py:send_request():249] send_request: stop_status
2022-06-20 12:54:10,911 DEBUG   HandlerThread:2666 [handler.py:handle_request():141] handle_request: stop_status
2022-06-20 12:54:10,911 DEBUG   SenderThread:2666 [sender.py:send_request():249] send_request: stop_status
2022-06-20 12:54:11,853 DEBUG   SenderThread:2666 [sender.py:send():235] send: stats
2022-06-20 12:54:26,855 DEBUG   HandlerThread:2666 [handler.py:handle_request():141] handle_request: stop_status
2022-06-20 12:54:26,856 DEBUG   SenderThread:2666 [sender.py:send_request():249] send_request: stop_status
2022-06-20 12:54:41,438 DEBUG   SenderThread:2666 [sender.py:send():235] send: stats
2022-06-20 12:54:42,485 DEBUG   HandlerThread:2666 [handler.py:handle_request():141] handle_request: stop_status
2022-06-20 12:54:42,486 DEBUG   SenderThread:2666 [sender.py:send_request():249] send_request: stop_status
2022-06-20 12:55:00,269 DEBUG   HandlerThread:2666 [handler.py:handle_request():141] handle_request: stop_status
2022-06-20 12:55:00,269 DEBUG   SenderThread:2666 [sender.py:send_request():249] send_request: stop_status
2022-06-20 12:55:11,504 DEBUG   SenderThread:2666 [sender.py:send():235] send: stats
2022-06-20 12:55:15,627 DEBUG   HandlerThread:2666 [handler.py:handle_request():141] handle_request: stop_status
2022-06-20 12:55:15,627 DEBUG   SenderThread:2666 [sender.py:send_request():249] send_request: stop_status
2022-06-20 12:55:31,092 DEBUG   HandlerThread:2666 [handler.py:handle_request():141] handle_request: stop_status
2022-06-20 12:55:31,092 DEBUG   SenderThread:2666 [sender.py:send_request():249] send_request: stop_status
2022-06-20 12:55:41,572 DEBUG   SenderThread:2666 [sender.py:send():235] send: stats
2022-06-20 12:55:46,987 DEBUG   HandlerThread:2666 [handler.py:handle_request():141] handle_request: stop_status
2022-06-20 12:55:46,987 DEBUG   SenderThread:2666 [sender.py:send_request():249] send_request: stop_status
2022-06-20 12:56:02,453 DEBUG   HandlerThread:2666 [handler.py:handle_request():141] handle_request: stop_status
2022-06-20 12:56:02,453 DEBUG   SenderThread:2666 [sender.py:send_request():249] send_request: stop_status
2022-06-20 12:56:11,639 DEBUG   SenderThread:2666 [sender.py:send():235] send: stats
2022-06-20 12:56:18,123 DEBUG   HandlerThread:2666 [handler.py:handle_request():141] handle_request: stop_status
2022-06-20 12:56:18,124 DEBUG   SenderThread:2666 [sender.py:send_request():249] send_request: stop_status
2022-06-20 12:56:33,770 DEBUG   HandlerThread:2666 [handler.py:handle_request():141] handle_request: stop_status
2022-06-20 12:56:33,771 DEBUG   SenderThread:2666 [sender.py:send_request():249] send_request: stop_status
2022-06-20 12:56:41,707 DEBUG   SenderThread:2666 [sender.py:send():235] send: stats
2022-06-20 12:56:49,545 DEBUG   HandlerThread:2666 [handler.py:handle_request():141] handle_request: stop_status
2022-06-20 12:56:49,545 DEBUG   SenderThread:2666 [sender.py:send_request():249] send_request: stop_status
2022-06-20 12:57:05,385 DEBUG   HandlerThread:2666 [handler.py:handle_request():141] handle_request: stop_status
2022-06-20 12:57:05,386 DEBUG   SenderThread:2666 [sender.py:send_request():249] send_request: stop_status
2022-06-20 12:57:11,776 DEBUG   SenderThread:2666 [sender.py:send():235] send: stats
2022-06-20 12:57:21,036 DEBUG   HandlerThread:2666 [handler.py:handle_request():141] handle_request: stop_status
2022-06-20 12:57:21,037 DEBUG   SenderThread:2666 [sender.py:send_request():249] send_request: stop_status
2022-06-20 12:57:36,546 DEBUG   HandlerThread:2666 [handler.py:handle_request():141] handle_request: stop_status
2022-06-20 12:57:36,546 DEBUG   SenderThread:2666 [sender.py:send_request():249] send_request: stop_status
2022-06-20 12:57:41,840 DEBUG   SenderThread:2666 [sender.py:send():235] send: stats
2022-06-20 12:57:51,918 DEBUG   HandlerThread:2666 [handler.py:handle_request():141] handle_request: stop_status
2022-06-20 12:57:51,919 DEBUG   SenderThread:2666 [sender.py:send_request():249] send_request: stop_status
2022-06-20 12:58:07,750 DEBUG   HandlerThread:2666 [handler.py:handle_request():141] handle_request: stop_status
2022-06-20 12:58:07,750 DEBUG   SenderThread:2666 [sender.py:send_request():249] send_request: stop_status
2022-06-20 12:58:11,903 DEBUG   SenderThread:2666 [sender.py:send():235] send: stats
2022-06-20 12:58:23,459 DEBUG   HandlerThread:2666 [handler.py:handle_request():141] handle_request: stop_status
2022-06-20 12:58:23,459 DEBUG   SenderThread:2666 [sender.py:send_request():249] send_request: stop_status
2022-06-20 12:58:40,901 DEBUG   HandlerThread:2666 [handler.py:handle_request():141] handle_request: stop_status
2022-06-20 12:58:40,901 DEBUG   SenderThread:2666 [sender.py:send_request():249] send_request: stop_status
2022-06-20 12:58:41,964 DEBUG   SenderThread:2666 [sender.py:send():235] send: stats
2022-06-20 12:58:56,682 DEBUG   HandlerThread:2666 [handler.py:handle_request():141] handle_request: stop_status
2022-06-20 12:58:56,683 DEBUG   SenderThread:2666 [sender.py:send_request():249] send_request: stop_status
2022-06-20 12:59:12,031 DEBUG   SenderThread:2666 [sender.py:send():235] send: stats
2022-06-20 12:59:16,683 DEBUG   HandlerThread:2666 [handler.py:handle_request():141] handle_request: stop_status
2022-06-20 12:59:16,683 DEBUG   SenderThread:2666 [sender.py:send_request():249] send_request: stop_status
2022-06-20 12:59:33,050 DEBUG   HandlerThread:2666 [handler.py:handle_request():141] handle_request: stop_status
2022-06-20 12:59:33,050 DEBUG   SenderThread:2666 [sender.py:send_request():249] send_request: stop_status
2022-06-20 12:59:42,096 DEBUG   SenderThread:2666 [sender.py:send():235] send: stats
2022-06-20 12:59:49,173 DEBUG   HandlerThread:2666 [handler.py:handle_request():141] handle_request: stop_status
2022-06-20 12:59:49,173 DEBUG   SenderThread:2666 [sender.py:send_request():249] send_request: stop_status
2022-06-20 13:00:05,023 DEBUG   HandlerThread:2666 [handler.py:handle_request():141] handle_request: stop_status
2022-06-20 13:00:05,024 DEBUG   SenderThread:2666 [sender.py:send_request():249] send_request: stop_status
2022-06-20 13:00:12,166 DEBUG   SenderThread:2666 [sender.py:send():235] send: stats
2022-06-20 13:00:20,492 DEBUG   HandlerThread:2666 [handler.py:handle_request():141] handle_request: stop_status
2022-06-20 13:00:20,492 DEBUG   SenderThread:2666 [sender.py:send_request():249] send_request: stop_status
2022-06-20 13:00:36,023 DEBUG   HandlerThread:2666 [handler.py:handle_request():141] handle_request: stop_status
2022-06-20 13:00:36,023 DEBUG   SenderThread:2666 [sender.py:send_request():249] send_request: stop_status
2022-06-20 13:00:42,230 DEBUG   SenderThread:2666 [sender.py:send():235] send: stats
2022-06-20 13:00:51,841 DEBUG   HandlerThread:2666 [handler.py:handle_request():141] handle_request: stop_status
2022-06-20 13:00:51,842 DEBUG   SenderThread:2666 [sender.py:send_request():249] send_request: stop_status
2022-06-20 13:01:07,717 DEBUG   HandlerThread:2666 [handler.py:handle_request():141] handle_request: stop_status
2022-06-20 13:01:07,717 DEBUG   SenderThread:2666 [sender.py:send_request():249] send_request: stop_status
2022-06-20 13:01:12,294 DEBUG   SenderThread:2666 [sender.py:send():235] send: stats
2022-06-20 13:01:24,672 DEBUG   HandlerThread:2666 [handler.py:handle_request():141] handle_request: stop_status
2022-06-20 13:01:24,673 DEBUG   SenderThread:2666 [sender.py:send_request():249] send_request: stop_status
2022-06-20 13:01:40,429 DEBUG   HandlerThread:2666 [handler.py:handle_request():141] handle_request: stop_status
2022-06-20 13:01:40,430 DEBUG   SenderThread:2666 [sender.py:send_request():249] send_request: stop_status
2022-06-20 13:01:42,361 DEBUG   SenderThread:2666 [sender.py:send():235] send: stats
2022-06-20 13:01:56,292 DEBUG   HandlerThread:2666 [handler.py:handle_request():141] handle_request: stop_status
2022-06-20 13:01:56,292 DEBUG   SenderThread:2666 [sender.py:send_request():249] send_request: stop_status
2022-06-20 13:02:12,031 DEBUG   HandlerThread:2666 [handler.py:handle_request():141] handle_request: stop_status
2022-06-20 13:02:12,031 DEBUG   SenderThread:2666 [sender.py:send_request():249] send_request: stop_status
2022-06-20 13:02:13,858 DEBUG   SenderThread:2666 [sender.py:send():235] send: stats
2022-06-20 13:02:28,860 DEBUG   HandlerThread:2666 [handler.py:handle_request():141] handle_request: stop_status
2022-06-20 13:02:28,860 DEBUG   SenderThread:2666 [sender.py:send_request():249] send_request: stop_status
2022-06-20 13:02:42,498 DEBUG   SenderThread:2666 [sender.py:send():235] send: stats
2022-06-20 13:02:45,097 DEBUG   HandlerThread:2666 [handler.py:handle_request():141] handle_request: stop_status
2022-06-20 13:02:45,097 DEBUG   SenderThread:2666 [sender.py:send_request():249] send_request: stop_status
2022-06-20 13:03:00,613 DEBUG   HandlerThread:2666 [handler.py:handle_request():141] handle_request: stop_status
2022-06-20 13:03:00,613 DEBUG   SenderThread:2666 [sender.py:send_request():249] send_request: stop_status
2022-06-20 13:03:12,553 DEBUG   SenderThread:2666 [sender.py:send():235] send: stats
2022-06-20 13:03:16,688 DEBUG   HandlerThread:2666 [handler.py:handle_request():141] handle_request: stop_status
2022-06-20 13:03:16,688 DEBUG   SenderThread:2666 [sender.py:send_request():249] send_request: stop_status
2022-06-20 13:03:32,797 DEBUG   HandlerThread:2666 [handler.py:handle_request():141] handle_request: stop_status
2022-06-20 13:03:32,797 DEBUG   SenderThread:2666 [sender.py:send_request():249] send_request: stop_status
2022-06-20 13:03:42,609 DEBUG   SenderThread:2666 [sender.py:send():235] send: stats
2022-06-20 13:03:48,402 DEBUG   HandlerThread:2666 [handler.py:handle_request():141] handle_request: stop_status
2022-06-20 13:03:48,403 DEBUG   SenderThread:2666 [sender.py:send_request():249] send_request: stop_status
2022-06-20 13:04:03,936 DEBUG   HandlerThread:2666 [handler.py:handle_request():141] handle_request: stop_status
2022-06-20 13:04:03,936 DEBUG   SenderThread:2666 [sender.py:send_request():249] send_request: stop_status
2022-06-20 13:04:12,672 DEBUG   SenderThread:2666 [sender.py:send():235] send: stats
2022-06-20 13:04:19,697 DEBUG   HandlerThread:2666 [handler.py:handle_request():141] handle_request: stop_status
2022-06-20 13:04:19,697 DEBUG   SenderThread:2666 [sender.py:send_request():249] send_request: stop_status
2022-06-20 13:04:35,482 DEBUG   HandlerThread:2666 [handler.py:handle_request():141] handle_request: stop_status
2022-06-20 13:04:35,482 DEBUG   SenderThread:2666 [sender.py:send_request():249] send_request: stop_status
2022-06-20 13:04:42,737 DEBUG   SenderThread:2666 [sender.py:send():235] send: stats
2022-06-20 13:04:50,844 DEBUG   HandlerThread:2666 [handler.py:handle_request():141] handle_request: stop_status
2022-06-20 13:04:50,844 DEBUG   SenderThread:2666 [sender.py:send_request():249] send_request: stop_status
2022-06-20 13:05:06,242 DEBUG   HandlerThread:2666 [handler.py:handle_request():141] handle_request: stop_status
2022-06-20 13:05:06,243 DEBUG   SenderThread:2666 [sender.py:send_request():249] send_request: stop_status
2022-06-20 13:05:12,802 DEBUG   SenderThread:2666 [sender.py:send():235] send: stats
2022-06-20 13:05:21,873 DEBUG   HandlerThread:2666 [handler.py:handle_request():141] handle_request: stop_status
2022-06-20 13:05:21,873 DEBUG   SenderThread:2666 [sender.py:send_request():249] send_request: stop_status
2022-06-20 13:05:37,809 DEBUG   HandlerThread:2666 [handler.py:handle_request():141] handle_request: stop_status
2022-06-20 13:05:37,810 DEBUG   SenderThread:2666 [sender.py:send_request():249] send_request: stop_status
2022-06-20 13:05:42,867 DEBUG   SenderThread:2666 [sender.py:send():235] send: stats
2022-06-20 13:05:53,416 DEBUG   HandlerThread:2666 [handler.py:handle_request():141] handle_request: stop_status
2022-06-20 13:05:53,417 DEBUG   SenderThread:2666 [sender.py:send_request():249] send_request: stop_status
2022-06-20 13:06:08,919 DEBUG   HandlerThread:2666 [handler.py:handle_request():141] handle_request: stop_status
2022-06-20 13:06:08,919 DEBUG   SenderThread:2666 [sender.py:send_request():249] send_request: stop_status
2022-06-20 13:06:12,935 DEBUG   SenderThread:2666 [sender.py:send():235] send: stats
2022-06-20 13:06:25,508 DEBUG   HandlerThread:2666 [handler.py:handle_request():141] handle_request: stop_status
2022-06-20 13:06:25,508 DEBUG   SenderThread:2666 [sender.py:send_request():249] send_request: stop_status
2022-06-20 13:06:41,319 DEBUG   HandlerThread:2666 [handler.py:handle_request():141] handle_request: stop_status
2022-06-20 13:06:41,320 DEBUG   SenderThread:2666 [sender.py:send_request():249] send_request: stop_status
2022-06-20 13:06:43,000 DEBUG   SenderThread:2666 [sender.py:send():235] send: stats
2022-06-20 13:06:56,885 DEBUG   HandlerThread:2666 [handler.py:handle_request():141] handle_request: stop_status
2022-06-20 13:06:56,885 DEBUG   SenderThread:2666 [sender.py:send_request():249] send_request: stop_status
2022-06-20 13:07:12,657 DEBUG   HandlerThread:2666 [handler.py:handle_request():141] handle_request: stop_status
2022-06-20 13:07:12,657 DEBUG   SenderThread:2666 [sender.py:send_request():249] send_request: stop_status
2022-06-20 13:07:13,984 DEBUG   SenderThread:2666 [sender.py:send():235] send: stats
2022-06-20 13:07:28,986 DEBUG   HandlerThread:2666 [handler.py:handle_request():141] handle_request: stop_status
2022-06-20 13:07:28,986 DEBUG   SenderThread:2666 [sender.py:send_request():249] send_request: stop_status
2022-06-20 13:07:43,128 DEBUG   SenderThread:2666 [sender.py:send():235] send: stats
2022-06-20 13:07:44,864 DEBUG   HandlerThread:2666 [handler.py:handle_request():141] handle_request: stop_status
2022-06-20 13:07:44,865 DEBUG   SenderThread:2666 [sender.py:send_request():249] send_request: stop_status
2022-06-20 13:08:00,361 DEBUG   HandlerThread:2666 [handler.py:handle_request():141] handle_request: stop_status
2022-06-20 13:08:00,362 DEBUG   SenderThread:2666 [sender.py:send_request():249] send_request: stop_status
2022-06-20 13:08:13,193 DEBUG   SenderThread:2666 [sender.py:send():235] send: stats
2022-06-20 13:08:16,652 DEBUG   HandlerThread:2666 [handler.py:handle_request():141] handle_request: stop_status
2022-06-20 13:08:16,653 DEBUG   SenderThread:2666 [sender.py:send_request():249] send_request: stop_status
2022-06-20 13:08:33,358 DEBUG   HandlerThread:2666 [handler.py:handle_request():141] handle_request: stop_status
2022-06-20 13:08:33,358 DEBUG   SenderThread:2666 [sender.py:send_request():249] send_request: stop_status
2022-06-20 13:08:43,262 DEBUG   SenderThread:2666 [sender.py:send():235] send: stats
2022-06-20 13:08:49,037 DEBUG   HandlerThread:2666 [handler.py:handle_request():141] handle_request: stop_status
2022-06-20 13:08:49,038 DEBUG   SenderThread:2666 [sender.py:send_request():249] send_request: stop_status
2022-06-20 13:09:05,429 DEBUG   HandlerThread:2666 [handler.py:handle_request():141] handle_request: stop_status
2022-06-20 13:09:05,429 DEBUG   SenderThread:2666 [sender.py:send_request():249] send_request: stop_status
2022-06-20 13:09:13,327 DEBUG   SenderThread:2666 [sender.py:send():235] send: stats
2022-06-20 13:09:21,320 DEBUG   HandlerThread:2666 [handler.py:handle_request():141] handle_request: stop_status
2022-06-20 13:09:21,320 DEBUG   SenderThread:2666 [sender.py:send_request():249] send_request: stop_status
2022-06-20 13:09:37,221 DEBUG   HandlerThread:2666 [handler.py:handle_request():141] handle_request: stop_status
2022-06-20 13:09:37,222 DEBUG   SenderThread:2666 [sender.py:send_request():249] send_request: stop_status
2022-06-20 13:09:43,390 DEBUG   SenderThread:2666 [sender.py:send():235] send: stats
2022-06-20 13:09:53,073 DEBUG   HandlerThread:2666 [handler.py:handle_request():141] handle_request: stop_status
2022-06-20 13:09:53,074 DEBUG   SenderThread:2666 [sender.py:send_request():249] send_request: stop_status
2022-06-20 13:10:08,963 DEBUG   HandlerThread:2666 [handler.py:handle_request():141] handle_request: stop_status
2022-06-20 13:10:08,964 DEBUG   SenderThread:2666 [sender.py:send_request():249] send_request: stop_status
2022-06-20 13:10:13,456 DEBUG   SenderThread:2666 [sender.py:send():235] send: stats
2022-06-20 13:10:25,115 DEBUG   HandlerThread:2666 [handler.py:handle_request():141] handle_request: stop_status
2022-06-20 13:10:25,116 DEBUG   SenderThread:2666 [sender.py:send_request():249] send_request: stop_status
2022-06-20 13:10:40,893 DEBUG   HandlerThread:2666 [handler.py:handle_request():141] handle_request: stop_status
2022-06-20 13:10:40,894 DEBUG   SenderThread:2666 [sender.py:send_request():249] send_request: stop_status
2022-06-20 13:10:43,523 DEBUG   SenderThread:2666 [sender.py:send():235] send: stats
2022-06-20 13:10:56,246 DEBUG   HandlerThread:2666 [handler.py:handle_request():141] handle_request: stop_status
2022-06-20 13:10:56,247 DEBUG   SenderThread:2666 [sender.py:send_request():249] send_request: stop_status
2022-06-20 13:11:11,988 DEBUG   HandlerThread:2666 [handler.py:handle_request():141] handle_request: stop_status
2022-06-20 13:11:11,988 DEBUG   SenderThread:2666 [sender.py:send_request():249] send_request: stop_status
2022-06-20 13:11:14,796 DEBUG   SenderThread:2666 [sender.py:send():235] send: stats
2022-06-20 13:11:29,798 DEBUG   HandlerThread:2666 [handler.py:handle_request():141] handle_request: stop_status
2022-06-20 13:11:29,798 DEBUG   SenderThread:2666 [sender.py:send_request():249] send_request: stop_status
2022-06-20 13:11:43,658 DEBUG   SenderThread:2666 [sender.py:send():235] send: stats
2022-06-20 13:11:46,126 DEBUG   HandlerThread:2666 [handler.py:handle_request():141] handle_request: stop_status
2022-06-20 13:11:46,127 DEBUG   SenderThread:2666 [sender.py:send_request():249] send_request: stop_status
2022-06-20 13:12:02,402 DEBUG   HandlerThread:2666 [handler.py:handle_request():141] handle_request: stop_status
2022-06-20 13:12:02,402 DEBUG   SenderThread:2666 [sender.py:send_request():249] send_request: stop_status
2022-06-20 13:12:13,726 DEBUG   SenderThread:2666 [sender.py:send():235] send: stats
2022-06-20 13:12:18,394 DEBUG   HandlerThread:2666 [handler.py:handle_request():141] handle_request: stop_status
2022-06-20 13:12:18,394 DEBUG   SenderThread:2666 [sender.py:send_request():249] send_request: stop_status
2022-06-20 13:12:34,003 DEBUG   HandlerThread:2666 [handler.py:handle_request():141] handle_request: stop_status
2022-06-20 13:12:34,003 DEBUG   SenderThread:2666 [sender.py:send_request():249] send_request: stop_status
2022-06-20 13:12:43,801 DEBUG   SenderThread:2666 [sender.py:send():235] send: stats
2022-06-20 13:12:50,830 DEBUG   HandlerThread:2666 [handler.py:handle_request():141] handle_request: stop_status
2022-06-20 13:12:50,830 DEBUG   SenderThread:2666 [sender.py:send_request():249] send_request: stop_status
2022-06-20 13:13:06,415 DEBUG   HandlerThread:2666 [handler.py:handle_request():141] handle_request: stop_status
2022-06-20 13:13:06,415 DEBUG   SenderThread:2666 [sender.py:send_request():249] send_request: stop_status
2022-06-20 13:13:13,870 DEBUG   SenderThread:2666 [sender.py:send():235] send: stats
2022-06-20 13:13:22,574 DEBUG   HandlerThread:2666 [handler.py:handle_request():141] handle_request: stop_status
2022-06-20 13:13:22,574 DEBUG   SenderThread:2666 [sender.py:send_request():249] send_request: stop_status
2022-06-20 13:13:37,867 DEBUG   HandlerThread:2666 [handler.py:handle_request():141] handle_request: stop_status
2022-06-20 13:13:37,867 DEBUG   SenderThread:2666 [sender.py:send_request():249] send_request: stop_status
2022-06-20 13:13:43,942 DEBUG   SenderThread:2666 [sender.py:send():235] send: stats
2022-06-20 13:13:53,857 DEBUG   HandlerThread:2666 [handler.py:handle_request():141] handle_request: stop_status
2022-06-20 13:13:53,857 DEBUG   SenderThread:2666 [sender.py:send_request():249] send_request: stop_status
2022-06-20 13:14:09,830 DEBUG   HandlerThread:2666 [handler.py:handle_request():141] handle_request: stop_status
2022-06-20 13:14:09,830 DEBUG   SenderThread:2666 [sender.py:send_request():249] send_request: stop_status
2022-06-20 13:14:14,024 DEBUG   SenderThread:2666 [sender.py:send():235] send: stats
2022-06-20 13:14:25,397 DEBUG   HandlerThread:2666 [handler.py:handle_request():141] handle_request: stop_status
2022-06-20 13:14:25,397 DEBUG   SenderThread:2666 [sender.py:send_request():249] send_request: stop_status
2022-06-20 13:14:41,356 DEBUG   HandlerThread:2666 [handler.py:handle_request():141] handle_request: stop_status
2022-06-20 13:14:41,356 DEBUG   SenderThread:2666 [sender.py:send_request():249] send_request: stop_status
2022-06-20 13:14:44,089 DEBUG   SenderThread:2666 [sender.py:send():235] send: stats
2022-06-20 13:14:56,769 DEBUG   HandlerThread:2666 [handler.py:handle_request():141] handle_request: stop_status
2022-06-20 13:14:56,770 DEBUG   SenderThread:2666 [sender.py:send_request():249] send_request: stop_status
2022-06-20 13:15:12,134 DEBUG   HandlerThread:2666 [handler.py:handle_request():141] handle_request: stop_status
2022-06-20 13:15:12,134 DEBUG   SenderThread:2666 [sender.py:send_request():249] send_request: stop_status
2022-06-20 13:15:14,163 DEBUG   SenderThread:2666 [sender.py:send():235] send: stats
2022-06-20 13:15:21,692 INFO    Thread-7  :2666 [dir_watcher.py:_on_file_modified():269] file/dir modified: /home/brad/Documents/Repositories/Dalle/dalle-playground/backend/wandb/run-20220620_123536-4uc2maxf/files/output.log
2022-06-20 13:15:28,737 DEBUG   HandlerThread:2666 [handler.py:handle_request():141] handle_request: stop_status
2022-06-20 13:15:28,738 DEBUG   SenderThread:2666 [sender.py:send_request():249] send_request: stop_status
2022-06-20 13:15:31,695 INFO    Thread-7  :2666 [dir_watcher.py:_on_file_modified():269] file/dir modified: /home/brad/Documents/Repositories/Dalle/dalle-playground/backend/wandb/run-20220620_123536-4uc2maxf/files/output.log
2022-06-20 13:15:33,697 INFO    Thread-7  :2666 [dir_watcher.py:_on_file_modified():269] file/dir modified: /home/brad/Documents/Repositories/Dalle/dalle-playground/backend/wandb/run-20220620_123536-4uc2maxf/files/output.log
2022-06-20 13:15:35,697 INFO    Thread-7  :2666 [dir_watcher.py:_on_file_modified():269] file/dir modified: /home/brad/Documents/Repositories/Dalle/dalle-playground/backend/wandb/run-20220620_123536-4uc2maxf/files/output.log
2022-06-20 13:15:37,699 INFO    Thread-7  :2666 [dir_watcher.py:_on_file_modified():269] file/dir modified: /home/brad/Documents/Repositories/Dalle/dalle-playground/backend/wandb/run-20220620_123536-4uc2maxf/files/output.log
2022-06-20 13:15:39,700 INFO    Thread-7  :2666 [dir_watcher.py:_on_file_modified():269] file/dir modified: /home/brad/Documents/Repositories/Dalle/dalle-playground/backend/wandb/run-20220620_123536-4uc2maxf/files/output.log
2022-06-20 13:15:41,701 INFO    Thread-7  :2666 [dir_watcher.py:_on_file_modified():269] file/dir modified: /home/brad/Documents/Repositories/Dalle/dalle-playground/backend/wandb/run-20220620_123536-4uc2maxf/files/output.log
2022-06-20 13:15:43,702 INFO    Thread-7  :2666 [dir_watcher.py:_on_file_modified():269] file/dir modified: /home/brad/Documents/Repositories/Dalle/dalle-playground/backend/wandb/run-20220620_123536-4uc2maxf/files/output.log
2022-06-20 13:15:44,229 DEBUG   SenderThread:2666 [sender.py:send():235] send: stats
2022-06-20 13:15:44,466 DEBUG   HandlerThread:2666 [handler.py:handle_request():141] handle_request: stop_status
2022-06-20 13:15:44,466 DEBUG   SenderThread:2666 [sender.py:send_request():249] send_request: stop_status
2022-06-20 13:15:45,704 INFO    Thread-7  :2666 [dir_watcher.py:_on_file_modified():269] file/dir modified: /home/brad/Documents/Repositories/Dalle/dalle-playground/backend/wandb/run-20220620_123536-4uc2maxf/files/output.log
2022-06-20 13:15:47,704 INFO    Thread-7  :2666 [dir_watcher.py:_on_file_modified():269] file/dir modified: /home/brad/Documents/Repositories/Dalle/dalle-playground/backend/wandb/run-20220620_123536-4uc2maxf/files/output.log
2022-06-20 13:15:49,706 INFO    Thread-7  :2666 [dir_watcher.py:_on_file_modified():269] file/dir modified: /home/brad/Documents/Repositories/Dalle/dalle-playground/backend/wandb/run-20220620_123536-4uc2maxf/files/output.log
2022-06-20 13:15:51,707 INFO    Thread-7  :2666 [dir_watcher.py:_on_file_modified():269] file/dir modified: /home/brad/Documents/Repositories/Dalle/dalle-playground/backend/wandb/run-20220620_123536-4uc2maxf/files/output.log
2022-06-20 13:15:53,708 INFO    Thread-7  :2666 [dir_watcher.py:_on_file_modified():269] file/dir modified: /home/brad/Documents/Repositories/Dalle/dalle-playground/backend/wandb/run-20220620_123536-4uc2maxf/files/output.log
2022-06-20 13:15:55,709 INFO    Thread-7  :2666 [dir_watcher.py:_on_file_modified():269] file/dir modified: /home/brad/Documents/Repositories/Dalle/dalle-playground/backend/wandb/run-20220620_123536-4uc2maxf/files/output.log
2022-06-20 13:15:57,710 INFO    Thread-7  :2666 [dir_watcher.py:_on_file_modified():269] file/dir modified: /home/brad/Documents/Repositories/Dalle/dalle-playground/backend/wandb/run-20220620_123536-4uc2maxf/files/output.log
2022-06-20 13:15:59,710 INFO    Thread-7  :2666 [dir_watcher.py:_on_file_modified():269] file/dir modified: /home/brad/Documents/Repositories/Dalle/dalle-playground/backend/wandb/run-20220620_123536-4uc2maxf/files/output.log
2022-06-20 13:15:59,941 DEBUG   HandlerThread:2666 [handler.py:handle_request():141] handle_request: stop_status
2022-06-20 13:15:59,941 DEBUG   SenderThread:2666 [sender.py:send_request():249] send_request: stop_status
2022-06-20 13:16:01,712 INFO    Thread-7  :2666 [dir_watcher.py:_on_file_modified():269] file/dir modified: /home/brad/Documents/Repositories/Dalle/dalle-playground/backend/wandb/run-20220620_123536-4uc2maxf/files/output.log
2022-06-20 13:16:03,713 INFO    Thread-7  :2666 [dir_watcher.py:_on_file_modified():269] file/dir modified: /home/brad/Documents/Repositories/Dalle/dalle-playground/backend/wandb/run-20220620_123536-4uc2maxf/files/output.log
2022-06-20 13:16:05,714 INFO    Thread-7  :2666 [dir_watcher.py:_on_file_modified():269] file/dir modified: /home/brad/Documents/Repositories/Dalle/dalle-playground/backend/wandb/run-20220620_123536-4uc2maxf/files/output.log
2022-06-20 13:16:07,714 INFO    Thread-7  :2666 [dir_watcher.py:_on_file_modified():269] file/dir modified: /home/brad/Documents/Repositories/Dalle/dalle-playground/backend/wandb/run-20220620_123536-4uc2maxf/files/output.log
2022-06-20 13:16:09,716 INFO    Thread-7  :2666 [dir_watcher.py:_on_file_modified():269] file/dir modified: /home/brad/Documents/Repositories/Dalle/dalle-playground/backend/wandb/run-20220620_123536-4uc2maxf/files/output.log
2022-06-20 13:16:11,717 INFO    Thread-7  :2666 [dir_watcher.py:_on_file_modified():269] file/dir modified: /home/brad/Documents/Repositories/Dalle/dalle-playground/backend/wandb/run-20220620_123536-4uc2maxf/files/output.log
2022-06-20 13:16:13,717 INFO    Thread-7  :2666 [dir_watcher.py:_on_file_modified():269] file/dir modified: /home/brad/Documents/Repositories/Dalle/dalle-playground/backend/wandb/run-20220620_123536-4uc2maxf/files/output.log
2022-06-20 13:16:14,296 DEBUG   SenderThread:2666 [sender.py:send():235] send: stats
2022-06-20 13:16:15,989 DEBUG   HandlerThread:2666 [handler.py:handle_request():141] handle_request: stop_status
2022-06-20 13:16:15,989 DEBUG   SenderThread:2666 [sender.py:send_request():249] send_request: stop_status
2022-06-20 13:16:19,094 ERROR   SenderThread:2666 [retry.py:__call__():126] Retry attempt failed:
Traceback (most recent call last):
  File "/usr/lib/python3/dist-packages/urllib3/connection.py", line 169, in _new_conn
    conn = connection.create_connection(
  File "/usr/lib/python3/dist-packages/urllib3/util/connection.py", line 73, in create_connection
    for res in socket.getaddrinfo(host, port, family, socket.SOCK_STREAM):
  File "/usr/lib/python3.9/socket.py", line 953, in getaddrinfo
    for res in _socket.getaddrinfo(host, port, family, type, proto, flags):
socket.gaierror: [Errno -3] Temporary failure in name resolution

During handling of the above exception, another exception occurred:

Traceback (most recent call last):
  File "/usr/lib/python3/dist-packages/urllib3/connectionpool.py", line 699, in urlopen
    httplib_response = self._make_request(
  File "/usr/lib/python3/dist-packages/urllib3/connectionpool.py", line 382, in _make_request
    self._validate_conn(conn)
  File "/usr/lib/python3/dist-packages/urllib3/connectionpool.py", line 1012, in _validate_conn
    conn.connect()
  File "/usr/lib/python3/dist-packages/urllib3/connection.py", line 353, in connect
    conn = self._new_conn()
  File "/usr/lib/python3/dist-packages/urllib3/connection.py", line 181, in _new_conn
    raise NewConnectionError(
urllib3.exceptions.NewConnectionError: <urllib3.connection.HTTPSConnection object at 0x7f3d289afd60>: Failed to establish a new connection: [Errno -3] Temporary failure in name resolution

During handling of the above exception, another exception occurred:

Traceback (most recent call last):
  File "/usr/lib/python3/dist-packages/requests/adapters.py", line 439, in send
    resp = conn.urlopen(
  File "/usr/lib/python3/dist-packages/urllib3/connectionpool.py", line 755, in urlopen
    retries = retries.increment(
  File "/usr/lib/python3/dist-packages/urllib3/util/retry.py", line 574, in increment
    raise MaxRetryError(_pool, url, error or ResponseError(cause))
urllib3.exceptions.MaxRetryError: HTTPSConnectionPool(host='api.wandb.ai', port=443): Max retries exceeded with url: /graphql (Caused by NewConnectionError('<urllib3.connection.HTTPSConnection object at 0x7f3d289afd60>: Failed to establish a new connection: [Errno -3] Temporary failure in name resolution'))

During handling of the above exception, another exception occurred:

Traceback (most recent call last):
  File "/home/brad/.local/lib/python3.9/site-packages/wandb/sdk/lib/retry.py", line 102, in __call__
    result = self._call_fn(*args, **kwargs)
  File "/home/brad/.local/lib/python3.9/site-packages/wandb/sdk/internal/internal_api.py", line 140, in execute
    return self.client.execute(*args, **kwargs)
  File "/home/brad/.local/lib/python3.9/site-packages/wandb/vendor/gql-0.2.0/wandb_gql/client.py", line 52, in execute
    result = self._get_result(document, *args, **kwargs)
  File "/home/brad/.local/lib/python3.9/site-packages/wandb/vendor/gql-0.2.0/wandb_gql/client.py", line 60, in _get_result
    return self.transport.execute(document, *args, **kwargs)
  File "/home/brad/.local/lib/python3.9/site-packages/wandb/vendor/gql-0.2.0/wandb_gql/transport/requests.py", line 38, in execute
    request = requests.post(self.url, **post_args)
  File "/usr/lib/python3/dist-packages/requests/api.py", line 119, in post
    return request('post', url, data=data, json=json, **kwargs)
  File "/usr/lib/python3/dist-packages/requests/api.py", line 61, in request
    return session.request(method=method, url=url, **kwargs)
  File "/usr/lib/python3/dist-packages/requests/sessions.py", line 542, in request
    resp = self.send(prep, **send_kwargs)
  File "/usr/lib/python3/dist-packages/requests/sessions.py", line 655, in send
    r = adapter.send(request, **kwargs)
  File "/usr/lib/python3/dist-packages/requests/adapters.py", line 516, in send
    raise ConnectionError(e, request=request)
requests.exceptions.ConnectionError: HTTPSConnectionPool(host='api.wandb.ai', port=443): Max retries exceeded with url: /graphql (Caused by NewConnectionError('<urllib3.connection.HTTPSConnection object at 0x7f3d289afd60>: Failed to establish a new connection: [Errno -3] Temporary failure in name resolution'))
2022-06-20 13:16:33,722 INFO    Thread-7  :2666 [dir_watcher.py:_on_file_modified():269] file/dir modified: /home/brad/Documents/Repositories/Dalle/dalle-playground/backend/wandb/run-20220620_123536-4uc2maxf/files/output.log
2022-06-20 13:16:35,989 DEBUG   HandlerThread:2666 [handler.py:handle_request():141] handle_request: stop_status
2022-06-20 13:16:55,990 DEBUG   HandlerThread:2666 [handler.py:handle_request():141] handle_request: stop_status
2022-06-20 13:17:15,990 DEBUG   HandlerThread:2666 [handler.py:handle_request():141] handle_request: stop_status
2022-06-20 13:17:35,990 DEBUG   HandlerThread:2666 [handler.py:handle_request():141] handle_request: stop_status
2022-06-20 13:17:55,991 DEBUG   HandlerThread:2666 [handler.py:handle_request():141] handle_request: stop_status
2022-06-20 13:18:15,991 DEBUG   HandlerThread:2666 [handler.py:handle_request():141] handle_request: stop_status
2022-06-20 13:18:35,992 DEBUG   HandlerThread:2666 [handler.py:handle_request():141] handle_request: stop_status
