2022-06-20 09:13:40,852 INFO    MainThread:10528 [internal.py:wandb_internal():90] W&B internal server running at pid: 10528, started at: 2022-06-20 09:13:40.852050
2022-06-20 09:13:40,855 INFO    WriterThread:10528 [datastore.py:open_for_write():75] open: /home/brad/Documents/Repositories/Dalle/dalle-playground/backend/wandb/run-20220620_091339-jdxlszkd/run-jdxlszkd.wandb
2022-06-20 09:13:40,857 DEBUG   SenderThread:10528 [sender.py:send():235] send: header
2022-06-20 09:13:40,857 DEBUG   SenderThread:10528 [sender.py:send():235] send: run
2022-06-20 09:13:41,487 DEBUG   HandlerThread:10528 [handler.py:handle_request():141] handle_request: check_version
2022-06-20 09:13:41,493 INFO    SenderThread:10528 [dir_watcher.py:__init__():205] watching files in: /home/brad/Documents/Repositories/Dalle/dalle-playground/backend/wandb/run-20220620_091339-jdxlszkd/files
2022-06-20 09:13:41,494 INFO    SenderThread:10528 [sender.py:_start_run_threads():812] run started: jdxlszkd with start time 1655738019
2022-06-20 09:13:41,494 DEBUG   SenderThread:10528 [sender.py:send():235] send: summary
2022-06-20 09:13:41,494 INFO    SenderThread:10528 [sender.py:_save_file():949] saving file wandb-summary.json with policy end
2022-06-20 09:13:41,495 DEBUG   SenderThread:10528 [sender.py:send_request():249] send_request: check_version
2022-06-20 09:13:42,497 INFO    Thread-7  :10528 [dir_watcher.py:_on_file_created():256] file/dir created: /home/brad/Documents/Repositories/Dalle/dalle-playground/backend/wandb/run-20220620_091339-jdxlszkd/files/wandb-summary.json
2022-06-20 09:13:43,559 DEBUG   HandlerThread:10528 [handler.py:handle_request():141] handle_request: run_start
2022-06-20 09:13:43,560 DEBUG   HandlerThread:10528 [meta.py:__init__():35] meta init
2022-06-20 09:13:43,560 DEBUG   HandlerThread:10528 [meta.py:__init__():49] meta init done
2022-06-20 09:13:43,560 DEBUG   HandlerThread:10528 [meta.py:probe():209] probe
2022-06-20 09:13:43,561 DEBUG   HandlerThread:10528 [meta.py:_setup_git():199] setup git
2022-06-20 09:13:43,570 DEBUG   HandlerThread:10528 [meta.py:_setup_git():206] setup git done
2022-06-20 09:13:43,570 DEBUG   HandlerThread:10528 [meta.py:_save_pip():53] save pip
2022-06-20 09:13:43,571 DEBUG   HandlerThread:10528 [meta.py:_save_pip():67] save pip done
2022-06-20 09:13:43,571 DEBUG   HandlerThread:10528 [meta.py:probe():247] probe done
2022-06-20 09:13:43,573 DEBUG   SenderThread:10528 [sender.py:send():235] send: files
2022-06-20 09:13:43,573 INFO    SenderThread:10528 [sender.py:_save_file():949] saving file wandb-metadata.json with policy now
2022-06-20 09:13:43,575 DEBUG   HandlerThread:10528 [handler.py:handle_request():141] handle_request: stop_status
2022-06-20 09:13:43,575 DEBUG   SenderThread:10528 [sender.py:send_request():249] send_request: stop_status
2022-06-20 09:13:44,495 INFO    Thread-7  :10528 [dir_watcher.py:_on_file_created():256] file/dir created: /home/brad/Documents/Repositories/Dalle/dalle-playground/backend/wandb/run-20220620_091339-jdxlszkd/files/output.log
2022-06-20 09:13:44,495 INFO    Thread-7  :10528 [dir_watcher.py:_on_file_created():256] file/dir created: /home/brad/Documents/Repositories/Dalle/dalle-playground/backend/wandb/run-20220620_091339-jdxlszkd/files/wandb-metadata.json
2022-06-20 09:13:44,495 INFO    Thread-7  :10528 [dir_watcher.py:_on_file_created():256] file/dir created: /home/brad/Documents/Repositories/Dalle/dalle-playground/backend/wandb/run-20220620_091339-jdxlszkd/files/requirements.txt
2022-06-20 09:13:59,889 INFO    Thread-11 :10528 [upload_job.py:push():132] Uploaded file /tmp/tmph8me_iavwandb/37mz4ojd-wandb-metadata.json
2022-06-20 09:14:01,058 DEBUG   SenderThread:10528 [sender.py:send():235] send: telemetry
2022-06-20 09:14:03,576 DEBUG   HandlerThread:10528 [handler.py:handle_request():141] handle_request: stop_status
2022-06-20 09:14:03,576 DEBUG   SenderThread:10528 [sender.py:send_request():249] send_request: stop_status
2022-06-20 09:14:11,929 DEBUG   SenderThread:10528 [sender.py:send():235] send: stats
2022-06-20 09:14:12,510 INFO    Thread-7  :10528 [dir_watcher.py:_on_file_modified():269] file/dir modified: /home/brad/Documents/Repositories/Dalle/dalle-playground/backend/wandb/run-20220620_091339-jdxlszkd/files/config.yaml
2022-06-20 09:14:20,360 DEBUG   HandlerThread:10528 [handler.py:handle_request():141] handle_request: stop_status
2022-06-20 09:14:20,360 DEBUG   SenderThread:10528 [sender.py:send_request():249] send_request: stop_status
2022-06-20 09:14:35,976 DEBUG   HandlerThread:10528 [handler.py:handle_request():141] handle_request: stop_status
2022-06-20 09:14:35,976 DEBUG   SenderThread:10528 [sender.py:send_request():249] send_request: stop_status
2022-06-20 09:14:47,336 DEBUG   SenderThread:10528 [sender.py:send():235] send: stats
2022-06-20 09:14:55,976 DEBUG   HandlerThread:10528 [handler.py:handle_request():141] handle_request: stop_status
2022-06-20 09:14:55,977 DEBUG   SenderThread:10528 [sender.py:send_request():249] send_request: stop_status
2022-06-20 09:15:11,838 DEBUG   SenderThread:10528 [sender.py:send():235] send: stats
2022-06-20 09:15:15,977 DEBUG   HandlerThread:10528 [handler.py:handle_request():141] handle_request: stop_status
2022-06-20 09:15:15,977 DEBUG   SenderThread:10528 [sender.py:send_request():249] send_request: stop_status
2022-06-20 09:15:31,317 DEBUG   HandlerThread:10528 [handler.py:handle_request():141] handle_request: stop_status
2022-06-20 09:15:31,317 DEBUG   SenderThread:10528 [sender.py:send_request():249] send_request: stop_status
2022-06-20 09:15:41,933 DEBUG   SenderThread:10528 [sender.py:send():235] send: stats
2022-06-20 09:15:46,678 DEBUG   HandlerThread:10528 [handler.py:handle_request():141] handle_request: stop_status
2022-06-20 09:15:46,678 DEBUG   SenderThread:10528 [sender.py:send_request():249] send_request: stop_status
2022-06-20 09:16:02,306 DEBUG   HandlerThread:10528 [handler.py:handle_request():141] handle_request: stop_status
2022-06-20 09:16:02,306 DEBUG   SenderThread:10528 [sender.py:send_request():249] send_request: stop_status
2022-06-20 09:16:12,021 DEBUG   SenderThread:10528 [sender.py:send():235] send: stats
2022-06-20 09:16:18,132 DEBUG   HandlerThread:10528 [handler.py:handle_request():141] handle_request: stop_status
2022-06-20 09:16:18,132 DEBUG   SenderThread:10528 [sender.py:send_request():249] send_request: stop_status
2022-06-20 09:16:33,378 DEBUG   HandlerThread:10528 [handler.py:handle_request():141] handle_request: stop_status
2022-06-20 09:16:33,378 DEBUG   SenderThread:10528 [sender.py:send_request():249] send_request: stop_status
2022-06-20 09:16:42,116 DEBUG   SenderThread:10528 [sender.py:send():235] send: stats
2022-06-20 09:16:49,518 DEBUG   HandlerThread:10528 [handler.py:handle_request():141] handle_request: stop_status
2022-06-20 09:16:49,518 DEBUG   SenderThread:10528 [sender.py:send_request():249] send_request: stop_status
2022-06-20 09:17:05,107 DEBUG   HandlerThread:10528 [handler.py:handle_request():141] handle_request: stop_status
2022-06-20 09:17:05,108 DEBUG   SenderThread:10528 [sender.py:send_request():249] send_request: stop_status
2022-06-20 09:17:12,194 DEBUG   SenderThread:10528 [sender.py:send():235] send: stats
2022-06-20 09:17:21,085 DEBUG   HandlerThread:10528 [handler.py:handle_request():141] handle_request: stop_status
2022-06-20 09:17:21,086 DEBUG   SenderThread:10528 [sender.py:send_request():249] send_request: stop_status
2022-06-20 09:17:38,693 DEBUG   HandlerThread:10528 [handler.py:handle_request():141] handle_request: stop_status
2022-06-20 09:17:38,694 DEBUG   SenderThread:10528 [sender.py:send_request():249] send_request: stop_status
2022-06-20 09:17:45,346 DEBUG   SenderThread:10528 [sender.py:send():235] send: stats
2022-06-20 09:17:58,694 DEBUG   HandlerThread:10528 [handler.py:handle_request():141] handle_request: stop_status
2022-06-20 09:17:58,695 DEBUG   SenderThread:10528 [sender.py:send_request():249] send_request: stop_status
2022-06-20 09:18:12,341 DEBUG   SenderThread:10528 [sender.py:send():235] send: stats
2022-06-20 09:18:16,822 DEBUG   HandlerThread:10528 [handler.py:handle_request():141] handle_request: stop_status
2022-06-20 09:18:16,822 DEBUG   SenderThread:10528 [sender.py:send_request():249] send_request: stop_status
2022-06-20 09:18:36,823 DEBUG   HandlerThread:10528 [handler.py:handle_request():141] handle_request: stop_status
2022-06-20 09:18:36,823 DEBUG   SenderThread:10528 [sender.py:send_request():249] send_request: stop_status
2022-06-20 09:18:42,409 DEBUG   SenderThread:10528 [sender.py:send():235] send: stats
2022-06-20 09:18:53,291 DEBUG   HandlerThread:10528 [handler.py:handle_request():141] handle_request: stop_status
2022-06-20 09:18:53,291 DEBUG   SenderThread:10528 [sender.py:send_request():249] send_request: stop_status
2022-06-20 09:19:09,366 DEBUG   HandlerThread:10528 [handler.py:handle_request():141] handle_request: stop_status
2022-06-20 09:19:09,366 DEBUG   SenderThread:10528 [sender.py:send_request():249] send_request: stop_status
2022-06-20 09:19:12,483 DEBUG   SenderThread:10528 [sender.py:send():235] send: stats
2022-06-20 09:19:24,680 DEBUG   HandlerThread:10528 [handler.py:handle_request():141] handle_request: stop_status
2022-06-20 09:19:24,680 DEBUG   SenderThread:10528 [sender.py:send_request():249] send_request: stop_status
2022-06-20 09:19:40,666 DEBUG   HandlerThread:10528 [handler.py:handle_request():141] handle_request: stop_status
2022-06-20 09:19:40,667 DEBUG   SenderThread:10528 [sender.py:send_request():249] send_request: stop_status
2022-06-20 09:19:42,552 DEBUG   SenderThread:10528 [sender.py:send():235] send: stats
2022-06-20 09:19:55,915 DEBUG   HandlerThread:10528 [handler.py:handle_request():141] handle_request: stop_status
2022-06-20 09:19:55,915 DEBUG   SenderThread:10528 [sender.py:send_request():249] send_request: stop_status
2022-06-20 09:20:11,657 DEBUG   HandlerThread:10528 [handler.py:handle_request():141] handle_request: stop_status
2022-06-20 09:20:11,657 DEBUG   SenderThread:10528 [sender.py:send_request():249] send_request: stop_status
2022-06-20 09:20:13,356 DEBUG   SenderThread:10528 [sender.py:send():235] send: stats
2022-06-20 09:20:28,358 DEBUG   HandlerThread:10528 [handler.py:handle_request():141] handle_request: stop_status
2022-06-20 09:20:28,359 DEBUG   SenderThread:10528 [sender.py:send_request():249] send_request: stop_status
2022-06-20 09:20:42,698 DEBUG   SenderThread:10528 [sender.py:send():235] send: stats
2022-06-20 09:20:44,434 DEBUG   HandlerThread:10528 [handler.py:handle_request():141] handle_request: stop_status
2022-06-20 09:20:44,434 DEBUG   SenderThread:10528 [sender.py:send_request():249] send_request: stop_status
2022-06-20 09:21:00,090 DEBUG   HandlerThread:10528 [handler.py:handle_request():141] handle_request: stop_status
2022-06-20 09:21:00,091 DEBUG   SenderThread:10528 [sender.py:send_request():249] send_request: stop_status
2022-06-20 09:21:12,771 DEBUG   SenderThread:10528 [sender.py:send():235] send: stats
2022-06-20 09:21:16,279 DEBUG   HandlerThread:10528 [handler.py:handle_request():141] handle_request: stop_status
2022-06-20 09:21:16,279 DEBUG   SenderThread:10528 [sender.py:send_request():249] send_request: stop_status
2022-06-20 09:21:32,191 DEBUG   HandlerThread:10528 [handler.py:handle_request():141] handle_request: stop_status
2022-06-20 09:21:32,192 DEBUG   SenderThread:10528 [sender.py:send_request():249] send_request: stop_status
2022-06-20 09:21:42,856 DEBUG   SenderThread:10528 [sender.py:send():235] send: stats
2022-06-20 09:21:47,844 DEBUG   HandlerThread:10528 [handler.py:handle_request():141] handle_request: stop_status
2022-06-20 09:21:47,844 DEBUG   SenderThread:10528 [sender.py:send_request():249] send_request: stop_status
2022-06-20 09:22:03,539 DEBUG   HandlerThread:10528 [handler.py:handle_request():141] handle_request: stop_status
2022-06-20 09:22:03,539 DEBUG   SenderThread:10528 [sender.py:send_request():249] send_request: stop_status
2022-06-20 09:22:12,934 DEBUG   SenderThread:10528 [sender.py:send():235] send: stats
2022-06-20 09:22:19,077 DEBUG   HandlerThread:10528 [handler.py:handle_request():141] handle_request: stop_status
2022-06-20 09:22:19,077 DEBUG   SenderThread:10528 [sender.py:send_request():249] send_request: stop_status
2022-06-20 09:22:36,479 DEBUG   HandlerThread:10528 [handler.py:handle_request():141] handle_request: stop_status
2022-06-20 09:22:36,479 DEBUG   SenderThread:10528 [sender.py:send_request():249] send_request: stop_status
2022-06-20 09:22:43,016 DEBUG   SenderThread:10528 [sender.py:send():235] send: stats
2022-06-20 09:22:51,734 DEBUG   HandlerThread:10528 [handler.py:handle_request():141] handle_request: stop_status
2022-06-20 09:22:51,734 DEBUG   SenderThread:10528 [sender.py:send_request():249] send_request: stop_status
2022-06-20 09:23:11,734 DEBUG   HandlerThread:10528 [handler.py:handle_request():141] handle_request: stop_status
2022-06-20 09:23:11,735 DEBUG   SenderThread:10528 [sender.py:send_request():249] send_request: stop_status
2022-06-20 09:23:13,139 DEBUG   SenderThread:10528 [sender.py:send():235] send: stats
2022-06-20 09:23:28,142 DEBUG   HandlerThread:10528 [handler.py:handle_request():141] handle_request: stop_status
2022-06-20 09:23:28,143 DEBUG   SenderThread:10528 [sender.py:send_request():249] send_request: stop_status
2022-06-20 09:23:48,142 DEBUG   HandlerThread:10528 [handler.py:handle_request():141] handle_request: stop_status
2022-06-20 09:24:08,143 DEBUG   HandlerThread:10528 [handler.py:handle_request():141] handle_request: stop_status
2022-06-20 09:24:28,144 DEBUG   HandlerThread:10528 [handler.py:handle_request():141] handle_request: stop_status
2022-06-20 09:24:48,144 DEBUG   HandlerThread:10528 [handler.py:handle_request():141] handle_request: stop_status
2022-06-20 09:25:08,145 DEBUG   HandlerThread:10528 [handler.py:handle_request():141] handle_request: stop_status
2022-06-20 09:25:28,145 DEBUG   HandlerThread:10528 [handler.py:handle_request():141] handle_request: stop_status
2022-06-20 09:25:48,147 DEBUG   HandlerThread:10528 [handler.py:handle_request():141] handle_request: stop_status
2022-06-20 09:26:06,453 ERROR   SenderThread:10528 [retry.py:__call__():126] Retry attempt failed:
Traceback (most recent call last):
  File "/usr/lib/python3/dist-packages/urllib3/connection.py", line 169, in _new_conn
    conn = connection.create_connection(
  File "/usr/lib/python3/dist-packages/urllib3/util/connection.py", line 73, in create_connection
    for res in socket.getaddrinfo(host, port, family, socket.SOCK_STREAM):
  File "/usr/lib/python3.9/socket.py", line 953, in getaddrinfo
    for res in _socket.getaddrinfo(host, port, family, type, proto, flags):
socket.gaierror: [Errno -3] Temporary failure in name resolution

During handling of the above exception, another exception occurred:

Traceback (most recent call last):
  File "/usr/lib/python3/dist-packages/urllib3/connectionpool.py", line 699, in urlopen
    httplib_response = self._make_request(
  File "/usr/lib/python3/dist-packages/urllib3/connectionpool.py", line 382, in _make_request
    self._validate_conn(conn)
  File "/usr/lib/python3/dist-packages/urllib3/connectionpool.py", line 1012, in _validate_conn
    conn.connect()
  File "/usr/lib/python3/dist-packages/urllib3/connection.py", line 353, in connect
    conn = self._new_conn()
  File "/usr/lib/python3/dist-packages/urllib3/connection.py", line 181, in _new_conn
    raise NewConnectionError(
urllib3.exceptions.NewConnectionError: <urllib3.connection.HTTPSConnection object at 0x7fdefe73ecd0>: Failed to establish a new connection: [Errno -3] Temporary failure in name resolution

During handling of the above exception, another exception occurred:

Traceback (most recent call last):
  File "/usr/lib/python3/dist-packages/requests/adapters.py", line 439, in send
    resp = conn.urlopen(
  File "/usr/lib/python3/dist-packages/urllib3/connectionpool.py", line 755, in urlopen
    retries = retries.increment(
  File "/usr/lib/python3/dist-packages/urllib3/util/retry.py", line 574, in increment
    raise MaxRetryError(_pool, url, error or ResponseError(cause))
urllib3.exceptions.MaxRetryError: HTTPSConnectionPool(host='api.wandb.ai', port=443): Max retries exceeded with url: /graphql (Caused by NewConnectionError('<urllib3.connection.HTTPSConnection object at 0x7fdefe73ecd0>: Failed to establish a new connection: [Errno -3] Temporary failure in name resolution'))

During handling of the above exception, another exception occurred:

Traceback (most recent call last):
  File "/home/brad/.local/lib/python3.9/site-packages/wandb/sdk/lib/retry.py", line 102, in __call__
    result = self._call_fn(*args, **kwargs)
  File "/home/brad/.local/lib/python3.9/site-packages/wandb/sdk/internal/internal_api.py", line 140, in execute
    return self.client.execute(*args, **kwargs)
  File "/home/brad/.local/lib/python3.9/site-packages/wandb/vendor/gql-0.2.0/wandb_gql/client.py", line 52, in execute
    result = self._get_result(document, *args, **kwargs)
  File "/home/brad/.local/lib/python3.9/site-packages/wandb/vendor/gql-0.2.0/wandb_gql/client.py", line 60, in _get_result
    return self.transport.execute(document, *args, **kwargs)
  File "/home/brad/.local/lib/python3.9/site-packages/wandb/vendor/gql-0.2.0/wandb_gql/transport/requests.py", line 38, in execute
    request = requests.post(self.url, **post_args)
  File "/usr/lib/python3/dist-packages/requests/api.py", line 119, in post
    return request('post', url, data=data, json=json, **kwargs)
  File "/usr/lib/python3/dist-packages/requests/api.py", line 61, in request
    return session.request(method=method, url=url, **kwargs)
  File "/usr/lib/python3/dist-packages/requests/sessions.py", line 542, in request
    resp = self.send(prep, **send_kwargs)
  File "/usr/lib/python3/dist-packages/requests/sessions.py", line 655, in send
    r = adapter.send(request, **kwargs)
  File "/usr/lib/python3/dist-packages/requests/adapters.py", line 516, in send
    raise ConnectionError(e, request=request)
requests.exceptions.ConnectionError: HTTPSConnectionPool(host='api.wandb.ai', port=443): Max retries exceeded with url: /graphql (Caused by NewConnectionError('<urllib3.connection.HTTPSConnection object at 0x7fdefe73ecd0>: Failed to establish a new connection: [Errno -3] Temporary failure in name resolution'))
2022-06-20 09:26:08,147 DEBUG   HandlerThread:10528 [handler.py:handle_request():141] handle_request: stop_status
2022-06-20 09:26:28,148 DEBUG   HandlerThread:10528 [handler.py:handle_request():141] handle_request: stop_status
2022-06-20 09:26:48,148 DEBUG   HandlerThread:10528 [handler.py:handle_request():141] handle_request: stop_status
2022-06-20 09:27:08,149 DEBUG   HandlerThread:10528 [handler.py:handle_request():141] handle_request: stop_status
2022-06-20 09:27:28,150 DEBUG   HandlerThread:10528 [handler.py:handle_request():141] handle_request: stop_status
2022-06-20 09:27:48,150 DEBUG   HandlerThread:10528 [handler.py:handle_request():141] handle_request: stop_status
2022-06-20 09:28:08,151 DEBUG   HandlerThread:10528 [handler.py:handle_request():141] handle_request: stop_status
2022-06-20 09:28:28,152 DEBUG   HandlerThread:10528 [handler.py:handle_request():141] handle_request: stop_status
2022-06-20 09:28:48,153 DEBUG   HandlerThread:10528 [handler.py:handle_request():141] handle_request: stop_status
2022-06-20 09:29:08,153 DEBUG   HandlerThread:10528 [handler.py:handle_request():141] handle_request: stop_status
2022-06-20 09:29:28,154 DEBUG   HandlerThread:10528 [handler.py:handle_request():141] handle_request: stop_status
2022-06-20 09:29:48,155 DEBUG   HandlerThread:10528 [handler.py:handle_request():141] handle_request: stop_status
2022-06-20 09:30:08,156 DEBUG   HandlerThread:10528 [handler.py:handle_request():141] handle_request: stop_status
2022-06-20 09:30:28,156 DEBUG   HandlerThread:10528 [handler.py:handle_request():141] handle_request: stop_status
2022-06-20 09:30:48,157 DEBUG   HandlerThread:10528 [handler.py:handle_request():141] handle_request: stop_status
2022-06-20 09:31:08,158 DEBUG   HandlerThread:10528 [handler.py:handle_request():141] handle_request: stop_status
2022-06-20 09:31:28,159 DEBUG   HandlerThread:10528 [handler.py:handle_request():141] handle_request: stop_status
2022-06-20 09:31:48,159 DEBUG   HandlerThread:10528 [handler.py:handle_request():141] handle_request: stop_status
2022-06-20 09:32:08,160 DEBUG   HandlerThread:10528 [handler.py:handle_request():141] handle_request: stop_status
2022-06-20 09:32:28,161 DEBUG   HandlerThread:10528 [handler.py:handle_request():141] handle_request: stop_status
2022-06-20 09:32:48,161 DEBUG   HandlerThread:10528 [handler.py:handle_request():141] handle_request: stop_status
2022-06-20 09:33:08,162 DEBUG   HandlerThread:10528 [handler.py:handle_request():141] handle_request: stop_status
2022-06-20 09:33:28,163 DEBUG   HandlerThread:10528 [handler.py:handle_request():141] handle_request: stop_status
2022-06-20 09:33:48,164 DEBUG   HandlerThread:10528 [handler.py:handle_request():141] handle_request: stop_status
2022-06-20 09:34:08,164 DEBUG   HandlerThread:10528 [handler.py:handle_request():141] handle_request: stop_status
2022-06-20 09:34:28,165 DEBUG   HandlerThread:10528 [handler.py:handle_request():141] handle_request: stop_status
2022-06-20 09:34:48,166 DEBUG   HandlerThread:10528 [handler.py:handle_request():141] handle_request: stop_status
2022-06-20 09:35:08,166 DEBUG   HandlerThread:10528 [handler.py:handle_request():141] handle_request: stop_status
2022-06-20 09:35:28,167 DEBUG   HandlerThread:10528 [handler.py:handle_request():141] handle_request: stop_status
2022-06-20 09:35:48,167 DEBUG   HandlerThread:10528 [handler.py:handle_request():141] handle_request: stop_status
2022-06-20 09:36:08,168 DEBUG   HandlerThread:10528 [handler.py:handle_request():141] handle_request: stop_status
2022-06-20 09:36:28,169 DEBUG   HandlerThread:10528 [handler.py:handle_request():141] handle_request: stop_status
2022-06-20 09:36:48,169 DEBUG   HandlerThread:10528 [handler.py:handle_request():141] handle_request: stop_status
2022-06-20 09:37:08,170 DEBUG   HandlerThread:10528 [handler.py:handle_request():141] handle_request: stop_status
2022-06-20 09:37:28,171 DEBUG   HandlerThread:10528 [handler.py:handle_request():141] handle_request: stop_status
2022-06-20 09:37:48,171 DEBUG   HandlerThread:10528 [handler.py:handle_request():141] handle_request: stop_status
2022-06-20 09:38:08,172 DEBUG   HandlerThread:10528 [handler.py:handle_request():141] handle_request: stop_status
2022-06-20 09:38:28,173 DEBUG   HandlerThread:10528 [handler.py:handle_request():141] handle_request: stop_status
2022-06-20 09:38:48,173 DEBUG   HandlerThread:10528 [handler.py:handle_request():141] handle_request: stop_status
2022-06-20 09:39:08,174 DEBUG   HandlerThread:10528 [handler.py:handle_request():141] handle_request: stop_status
2022-06-20 09:39:28,175 DEBUG   HandlerThread:10528 [handler.py:handle_request():141] handle_request: stop_status
2022-06-20 09:39:48,176 DEBUG   HandlerThread:10528 [handler.py:handle_request():141] handle_request: stop_status
2022-06-20 09:40:08,176 DEBUG   HandlerThread:10528 [handler.py:handle_request():141] handle_request: stop_status
2022-06-20 09:40:10,589 WARNING FileStreamThread:10528 [file_stream.py:request_with_retry():593] requests_with_retry encountered retryable exception: ('Connection aborted.', OSError(113, 'No route to host')). func: <bound method Session.post of <requests.sessions.Session object at 0x7fdefe6db040>>, args: ('https://api.wandb.ai/files/anony-mouse-327429/dalle-playground-backend/jdxlszkd/file_stream',), kwargs: {'json': {'complete': False, 'failed': False, 'dropped': 0, 'uploaded': []}}
2022-06-20 09:40:28,177 DEBUG   HandlerThread:10528 [handler.py:handle_request():141] handle_request: stop_status
2022-06-20 09:40:48,178 DEBUG   HandlerThread:10528 [handler.py:handle_request():141] handle_request: stop_status
2022-06-20 09:41:08,178 DEBUG   HandlerThread:10528 [handler.py:handle_request():141] handle_request: stop_status
2022-06-20 09:41:28,179 DEBUG   HandlerThread:10528 [handler.py:handle_request():141] handle_request: stop_status
2022-06-20 09:41:48,180 DEBUG   HandlerThread:10528 [handler.py:handle_request():141] handle_request: stop_status
2022-06-20 09:42:08,181 DEBUG   HandlerThread:10528 [handler.py:handle_request():141] handle_request: stop_status
2022-06-20 09:42:28,181 DEBUG   HandlerThread:10528 [handler.py:handle_request():141] handle_request: stop_status
2022-06-20 09:42:48,182 DEBUG   HandlerThread:10528 [handler.py:handle_request():141] handle_request: stop_status
2022-06-20 09:43:08,183 DEBUG   HandlerThread:10528 [handler.py:handle_request():141] handle_request: stop_status
2022-06-20 09:43:28,184 DEBUG   HandlerThread:10528 [handler.py:handle_request():141] handle_request: stop_status
2022-06-20 09:43:48,184 DEBUG   HandlerThread:10528 [handler.py:handle_request():141] handle_request: stop_status
2022-06-20 09:44:08,185 DEBUG   HandlerThread:10528 [handler.py:handle_request():141] handle_request: stop_status
2022-06-20 09:44:28,186 DEBUG   HandlerThread:10528 [handler.py:handle_request():141] handle_request: stop_status
2022-06-20 09:44:48,186 DEBUG   HandlerThread:10528 [handler.py:handle_request():141] handle_request: stop_status
2022-06-20 09:44:52,000 DEBUG   SenderThread:10528 [sender.py:send():235] send: stats
2022-06-20 09:44:52,000 DEBUG   SenderThread:10528 [sender.py:send_request():249] send_request: stop_status
2022-06-20 09:44:52,221 DEBUG   SenderThread:10528 [sender.py:send_request():249] send_request: stop_status
2022-06-20 09:44:52,537 DEBUG   SenderThread:10528 [sender.py:send():235] send: stats
2022-06-20 09:44:52,538 DEBUG   SenderThread:10528 [sender.py:send_request():249] send_request: stop_status
2022-06-20 09:44:53,030 DEBUG   SenderThread:10528 [sender.py:send():235] send: stats
2022-06-20 09:44:53,031 DEBUG   SenderThread:10528 [sender.py:send_request():249] send_request: stop_status
2022-06-20 09:44:53,286 DEBUG   SenderThread:10528 [sender.py:send_request():249] send_request: stop_status
2022-06-20 09:44:53,573 DEBUG   SenderThread:10528 [sender.py:send():235] send: stats
2022-06-20 09:44:53,573 DEBUG   SenderThread:10528 [sender.py:send_request():249] send_request: stop_status
2022-06-20 09:44:53,829 DEBUG   SenderThread:10528 [sender.py:send():235] send: stats
2022-06-20 09:44:53,830 DEBUG   SenderThread:10528 [sender.py:send_request():249] send_request: stop_status
2022-06-20 09:44:54,113 DEBUG   SenderThread:10528 [sender.py:send_request():249] send_request: stop_status
2022-06-20 09:44:54,416 DEBUG   SenderThread:10528 [sender.py:send():235] send: stats
2022-06-20 09:44:54,416 DEBUG   SenderThread:10528 [sender.py:send_request():249] send_request: stop_status
2022-06-20 09:44:54,645 DEBUG   SenderThread:10528 [sender.py:send():235] send: stats
2022-06-20 09:44:54,646 DEBUG   SenderThread:10528 [sender.py:send_request():249] send_request: stop_status
2022-06-20 09:44:54,967 DEBUG   SenderThread:10528 [sender.py:send_request():249] send_request: stop_status
2022-06-20 09:44:55,276 DEBUG   SenderThread:10528 [sender.py:send():235] send: stats
2022-06-20 09:44:55,276 DEBUG   SenderThread:10528 [sender.py:send_request():249] send_request: stop_status
2022-06-20 09:44:55,462 DEBUG   SenderThread:10528 [sender.py:send():235] send: stats
2022-06-20 09:44:55,463 DEBUG   SenderThread:10528 [sender.py:send_request():249] send_request: stop_status
2022-06-20 09:44:55,707 DEBUG   SenderThread:10528 [sender.py:send_request():249] send_request: stop_status
2022-06-20 09:44:56,007 DEBUG   SenderThread:10528 [sender.py:send():235] send: stats
2022-06-20 09:44:56,008 DEBUG   SenderThread:10528 [sender.py:send_request():249] send_request: stop_status
2022-06-20 09:44:56,399 DEBUG   SenderThread:10528 [sender.py:send():235] send: stats
2022-06-20 09:44:56,400 DEBUG   SenderThread:10528 [sender.py:send_request():249] send_request: stop_status
2022-06-20 09:44:56,706 DEBUG   SenderThread:10528 [sender.py:send_request():249] send_request: stop_status
2022-06-20 09:44:56,948 DEBUG   SenderThread:10528 [sender.py:send():235] send: stats
2022-06-20 09:44:56,949 DEBUG   SenderThread:10528 [sender.py:send_request():249] send_request: stop_status
2022-06-20 09:44:57,290 DEBUG   SenderThread:10528 [sender.py:send():235] send: stats
2022-06-20 09:44:57,291 DEBUG   SenderThread:10528 [sender.py:send_request():249] send_request: stop_status
2022-06-20 09:44:57,525 DEBUG   SenderThread:10528 [sender.py:send_request():249] send_request: stop_status
2022-06-20 09:44:58,139 DEBUG   SenderThread:10528 [sender.py:send():235] send: stats
2022-06-20 09:44:58,140 DEBUG   SenderThread:10528 [sender.py:send_request():249] send_request: stop_status
2022-06-20 09:44:58,425 DEBUG   SenderThread:10528 [sender.py:send():235] send: stats
2022-06-20 09:44:58,426 DEBUG   SenderThread:10528 [sender.py:send_request():249] send_request: stop_status
2022-06-20 09:44:58,630 DEBUG   SenderThread:10528 [sender.py:send_request():249] send_request: stop_status
2022-06-20 09:44:58,811 DEBUG   SenderThread:10528 [sender.py:send():235] send: stats
2022-06-20 09:44:58,854 DEBUG   SenderThread:10528 [sender.py:send_request():249] send_request: stop_status
2022-06-20 09:44:59,271 DEBUG   SenderThread:10528 [sender.py:send():235] send: stats
2022-06-20 09:44:59,272 DEBUG   SenderThread:10528 [sender.py:send_request():249] send_request: stop_status
2022-06-20 09:44:59,480 DEBUG   SenderThread:10528 [sender.py:send_request():249] send_request: stop_status
2022-06-20 09:44:59,882 DEBUG   SenderThread:10528 [sender.py:send():235] send: stats
2022-06-20 09:44:59,882 DEBUG   SenderThread:10528 [sender.py:send_request():249] send_request: stop_status
2022-06-20 09:45:00,104 DEBUG   SenderThread:10528 [sender.py:send():235] send: stats
2022-06-20 09:45:00,104 DEBUG   SenderThread:10528 [sender.py:send_request():249] send_request: stop_status
2022-06-20 09:45:01,512 DEBUG   SenderThread:10528 [sender.py:send_request():249] send_request: stop_status
2022-06-20 09:45:02,255 DEBUG   SenderThread:10528 [sender.py:send():235] send: stats
2022-06-20 09:45:02,255 DEBUG   SenderThread:10528 [sender.py:send_request():249] send_request: stop_status
2022-06-20 09:45:02,869 DEBUG   SenderThread:10528 [sender.py:send():235] send: stats
2022-06-20 09:45:02,869 DEBUG   SenderThread:10528 [sender.py:send_request():249] send_request: stop_status
2022-06-20 09:45:03,496 DEBUG   SenderThread:10528 [sender.py:send_request():249] send_request: stop_status
2022-06-20 09:45:03,841 DEBUG   SenderThread:10528 [sender.py:send():235] send: stats
2022-06-20 09:45:03,842 DEBUG   SenderThread:10528 [sender.py:send_request():249] send_request: stop_status
2022-06-20 09:45:04,097 DEBUG   SenderThread:10528 [sender.py:send():235] send: stats
2022-06-20 09:45:04,098 DEBUG   SenderThread:10528 [sender.py:send_request():249] send_request: stop_status
2022-06-20 09:45:04,416 DEBUG   SenderThread:10528 [sender.py:send_request():249] send_request: stop_status
2022-06-20 09:45:04,678 DEBUG   SenderThread:10528 [sender.py:send():235] send: stats
2022-06-20 09:45:04,679 DEBUG   SenderThread:10528 [sender.py:send_request():249] send_request: stop_status
2022-06-20 09:45:04,905 DEBUG   SenderThread:10528 [sender.py:send():235] send: stats
2022-06-20 09:45:04,906 DEBUG   SenderThread:10528 [sender.py:send_request():249] send_request: stop_status
2022-06-20 09:45:06,334 DEBUG   SenderThread:10528 [sender.py:send_request():249] send_request: stop_status
2022-06-20 09:45:06,598 DEBUG   SenderThread:10528 [sender.py:send():235] send: stats
2022-06-20 09:45:06,598 DEBUG   SenderThread:10528 [sender.py:send_request():249] send_request: stop_status
2022-06-20 09:45:06,825 DEBUG   SenderThread:10528 [sender.py:send():235] send: stats
2022-06-20 09:45:06,826 DEBUG   SenderThread:10528 [sender.py:send_request():249] send_request: stop_status
2022-06-20 09:45:07,660 DEBUG   SenderThread:10528 [sender.py:send_request():249] send_request: stop_status
2022-06-20 09:45:08,187 DEBUG   HandlerThread:10528 [handler.py:handle_request():141] handle_request: stop_status
2022-06-20 09:45:12,880 DEBUG   SenderThread:10528 [sender.py:send():235] send: stats
2022-06-20 09:45:12,881 DEBUG   SenderThread:10528 [sender.py:send_request():249] send_request: stop_status
2022-06-20 09:45:13,106 DEBUG   SenderThread:10528 [sender.py:send():235] send: stats
2022-06-20 09:45:13,107 DEBUG   SenderThread:10528 [sender.py:send_request():249] send_request: stop_status
2022-06-20 09:45:13,294 DEBUG   SenderThread:10528 [sender.py:send_request():249] send_request: stop_status
2022-06-20 09:45:13,572 DEBUG   SenderThread:10528 [sender.py:send():235] send: stats
2022-06-20 09:45:13,573 DEBUG   SenderThread:10528 [sender.py:send_request():249] send_request: stop_status
2022-06-20 09:45:13,775 DEBUG   SenderThread:10528 [sender.py:send():235] send: stats
2022-06-20 09:45:13,776 DEBUG   SenderThread:10528 [sender.py:send_request():249] send_request: stop_status
2022-06-20 09:45:14,078 DEBUG   SenderThread:10528 [sender.py:send_request():249] send_request: stop_status
2022-06-20 09:45:14,277 DEBUG   SenderThread:10528 [sender.py:send():235] send: stats
2022-06-20 09:45:14,278 DEBUG   SenderThread:10528 [sender.py:send_request():249] send_request: stop_status
2022-06-20 09:45:14,568 DEBUG   SenderThread:10528 [sender.py:send():235] send: stats
2022-06-20 09:45:14,569 DEBUG   SenderThread:10528 [sender.py:send_request():249] send_request: stop_status
2022-06-20 09:45:15,006 DEBUG   SenderThread:10528 [sender.py:send_request():249] send_request: stop_status
2022-06-20 09:45:15,249 DEBUG   SenderThread:10528 [sender.py:send():235] send: stats
2022-06-20 09:45:15,249 DEBUG   SenderThread:10528 [sender.py:send_request():249] send_request: stop_status
2022-06-20 09:45:15,452 DEBUG   SenderThread:10528 [sender.py:send():235] send: stats
2022-06-20 09:45:15,453 DEBUG   SenderThread:10528 [sender.py:send_request():249] send_request: stop_status
2022-06-20 09:45:15,678 DEBUG   SenderThread:10528 [sender.py:send_request():249] send_request: stop_status
2022-06-20 09:45:15,878 DEBUG   SenderThread:10528 [sender.py:send():235] send: stats
2022-06-20 09:45:15,879 DEBUG   SenderThread:10528 [sender.py:send_request():249] send_request: stop_status
2022-06-20 09:45:16,107 DEBUG   SenderThread:10528 [sender.py:send():235] send: stats
2022-06-20 09:45:16,107 DEBUG   SenderThread:10528 [sender.py:send_request():249] send_request: stop_status
2022-06-20 09:45:16,359 DEBUG   SenderThread:10528 [sender.py:send_request():249] send_request: stop_status
2022-06-20 09:45:16,718 DEBUG   SenderThread:10528 [sender.py:send():235] send: stats
2022-06-20 09:45:16,719 DEBUG   SenderThread:10528 [sender.py:send_request():249] send_request: stop_status
2022-06-20 09:45:16,950 DEBUG   SenderThread:10528 [sender.py:send():235] send: stats
2022-06-20 09:45:16,951 DEBUG   SenderThread:10528 [sender.py:send_request():249] send_request: stop_status
2022-06-20 09:45:17,168 DEBUG   SenderThread:10528 [sender.py:send_request():249] send_request: stop_status
2022-06-20 09:45:17,361 DEBUG   SenderThread:10528 [sender.py:send():235] send: stats
2022-06-20 09:45:17,361 DEBUG   SenderThread:10528 [sender.py:send_request():249] send_request: stop_status
2022-06-20 09:45:17,740 DEBUG   SenderThread:10528 [sender.py:send():235] send: stats
2022-06-20 09:45:17,741 DEBUG   SenderThread:10528 [sender.py:send_request():249] send_request: stop_status
2022-06-20 09:45:18,038 DEBUG   SenderThread:10528 [sender.py:send_request():249] send_request: stop_status
2022-06-20 09:45:18,278 DEBUG   SenderThread:10528 [sender.py:send():235] send: stats
2022-06-20 09:45:18,278 DEBUG   SenderThread:10528 [sender.py:send_request():249] send_request: stop_status
2022-06-20 09:45:18,521 DEBUG   SenderThread:10528 [sender.py:send():235] send: stats
2022-06-20 09:45:18,522 DEBUG   SenderThread:10528 [sender.py:send_request():249] send_request: stop_status
2022-06-20 09:45:18,766 DEBUG   SenderThread:10528 [sender.py:send_request():249] send_request: stop_status
2022-06-20 09:45:18,966 DEBUG   SenderThread:10528 [sender.py:send():235] send: stats
2022-06-20 09:45:28,188 DEBUG   HandlerThread:10528 [handler.py:handle_request():141] handle_request: stop_status
2022-06-20 09:45:28,188 DEBUG   SenderThread:10528 [sender.py:send_request():249] send_request: stop_status
2022-06-20 09:45:43,390 DEBUG   HandlerThread:10528 [handler.py:handle_request():141] handle_request: stop_status
2022-06-20 09:45:43,390 DEBUG   SenderThread:10528 [sender.py:send_request():249] send_request: stop_status
2022-06-20 09:45:46,902 DEBUG   SenderThread:10528 [sender.py:send():235] send: stats
2022-06-20 09:45:58,754 DEBUG   HandlerThread:10528 [handler.py:handle_request():141] handle_request: stop_status
2022-06-20 09:45:58,754 DEBUG   SenderThread:10528 [sender.py:send_request():249] send_request: stop_status
2022-06-20 09:46:13,941 DEBUG   HandlerThread:10528 [handler.py:handle_request():141] handle_request: stop_status
2022-06-20 09:46:13,941 DEBUG   SenderThread:10528 [sender.py:send_request():249] send_request: stop_status
2022-06-20 09:46:16,991 DEBUG   SenderThread:10528 [sender.py:send():235] send: stats
2022-06-20 09:46:29,141 DEBUG   HandlerThread:10528 [handler.py:handle_request():141] handle_request: stop_status
2022-06-20 09:46:29,141 DEBUG   SenderThread:10528 [sender.py:send_request():249] send_request: stop_status
2022-06-20 09:46:44,328 DEBUG   HandlerThread:10528 [handler.py:handle_request():141] handle_request: stop_status
2022-06-20 09:46:44,329 DEBUG   SenderThread:10528 [sender.py:send_request():249] send_request: stop_status
2022-06-20 09:46:47,072 DEBUG   SenderThread:10528 [sender.py:send():235] send: stats
2022-06-20 09:46:59,563 DEBUG   HandlerThread:10528 [handler.py:handle_request():141] handle_request: stop_status
2022-06-20 09:46:59,564 DEBUG   SenderThread:10528 [sender.py:send_request():249] send_request: stop_status
2022-06-20 09:47:14,973 DEBUG   HandlerThread:10528 [handler.py:handle_request():141] handle_request: stop_status
2022-06-20 09:47:14,973 DEBUG   SenderThread:10528 [sender.py:send_request():249] send_request: stop_status
2022-06-20 09:47:17,160 DEBUG   SenderThread:10528 [sender.py:send():235] send: stats
2022-06-20 09:47:30,880 DEBUG   HandlerThread:10528 [handler.py:handle_request():141] handle_request: stop_status
2022-06-20 09:47:30,880 DEBUG   SenderThread:10528 [sender.py:send_request():249] send_request: stop_status
2022-06-20 09:47:34,160 WARNING MainThread:10528 [internal.py:wandb_internal():153] Internal process interrupt: 1
2022-06-20 09:47:34,167 DEBUG   SenderThread:10528 [sender.py:send():235] send: telemetry
2022-06-20 09:47:35,007 WARNING MainThread:10528 [internal.py:wandb_internal():153] Internal process interrupt: 2
2022-06-20 09:47:35,007 ERROR   MainThread:10528 [internal.py:wandb_internal():156] Internal process interrupted.
2022-06-20 09:47:35,168 INFO    WriterThread:10528 [datastore.py:close():279] close: /home/brad/Documents/Repositories/Dalle/dalle-playground/backend/wandb/run-20220620_091339-jdxlszkd/run-jdxlszkd.wandb
2022-06-20 09:47:35,168 INFO    SenderThread:10528 [sender.py:finish():1111] shutting down sender
2022-06-20 09:47:35,169 INFO    HandlerThread:10528 [handler.py:finish():806] shutting down handler
2022-06-20 09:47:35,169 INFO    SenderThread:10528 [dir_watcher.py:finish():336] shutting down directory watcher
2022-06-20 09:47:36,005 INFO    SenderThread:10528 [dir_watcher.py:finish():366] scan: /home/brad/Documents/Repositories/Dalle/dalle-playground/backend/wandb/run-20220620_091339-jdxlszkd/files
2022-06-20 09:47:36,005 INFO    SenderThread:10528 [dir_watcher.py:finish():380] scan save: /home/brad/Documents/Repositories/Dalle/dalle-playground/backend/wandb/run-20220620_091339-jdxlszkd/files/config.yaml config.yaml
2022-06-20 09:47:36,005 INFO    SenderThread:10528 [dir_watcher.py:finish():380] scan save: /home/brad/Documents/Repositories/Dalle/dalle-playground/backend/wandb/run-20220620_091339-jdxlszkd/files/wandb-summary.json wandb-summary.json
2022-06-20 09:47:36,005 INFO    SenderThread:10528 [dir_watcher.py:finish():380] scan save: /home/brad/Documents/Repositories/Dalle/dalle-playground/backend/wandb/run-20220620_091339-jdxlszkd/files/requirements.txt requirements.txt
2022-06-20 09:47:36,005 INFO    SenderThread:10528 [dir_watcher.py:finish():380] scan save: /home/brad/Documents/Repositories/Dalle/dalle-playground/backend/wandb/run-20220620_091339-jdxlszkd/files/wandb-metadata.json wandb-metadata.json
2022-06-20 09:47:36,006 INFO    SenderThread:10528 [dir_watcher.py:finish():380] scan save: /home/brad/Documents/Repositories/Dalle/dalle-playground/backend/wandb/run-20220620_091339-jdxlszkd/files/output.log output.log
2022-06-20 09:47:36,006 INFO    SenderThread:10528 [file_pusher.py:finish():145] shutting down file pusher
2022-06-20 09:47:36,006 INFO    SenderThread:10528 [file_pusher.py:join():150] waiting for file pusher
2022-06-20 09:47:36,864 INFO    Thread-12 :10528 [upload_job.py:push():132] Uploaded file /home/brad/Documents/Repositories/Dalle/dalle-playground/backend/wandb/run-20220620_091339-jdxlszkd/files/config.yaml
2022-06-20 09:47:36,866 INFO    Thread-13 :10528 [upload_job.py:push():132] Uploaded file /home/brad/Documents/Repositories/Dalle/dalle-playground/backend/wandb/run-20220620_091339-jdxlszkd/files/wandb-summary.json
2022-06-20 09:47:36,869 INFO    Thread-14 :10528 [upload_job.py:push():132] Uploaded file /home/brad/Documents/Repositories/Dalle/dalle-playground/backend/wandb/run-20220620_091339-jdxlszkd/files/requirements.txt
2022-06-20 09:47:37,599 INFO    MainThread:10528 [internal.py:handle_exit():80] Internal process exited
